
> samt-api-qa@1.0.0 test:smoke
> httpyac tests/api-smoke.http --all


---------------------

=== POST_/api/auth/login_happy ===

POST http://localhost:9080/api/auth/login
accept-encoding: gzip, deflate, br
accept: */*
content-length: 66
content-type: application/json
user-agent: httpyac

{
  "email": "admin@samt.local",
  "password": "Str0ng@Pass!"
}
HTTP/1.1 200  - OK
cache-control: no-cache, no-store, max-age=0, must-revalidate
content-type: application/json
date: Sun, 08 Mar 2026 06:09:26 GMT
expires: 0
pragma: no-cache
referrer-policy: no-referrer
transfer-encoding: chunked
vary: Origin, Access-Control-Request-Method, Access-Control-Request-Headers
x-content-type-options: nosniff
x-frame-options: DENY
x-ratelimit-burst-capacity: 600
x-ratelimit-remaining: 540
x-ratelimit-replenish-rate: 5
x-ratelimit-requested-tokens: 60
x-xss-protection: 0

{
  "accessToken": "eyJ0eXAiOiJKV1QiLCJraWQiOiJpZGVudGl0eS1sb2NhbC0xIiwiYWxnIjoiUlMyNTYifQ.eyJqdGkiOiJkMDNmMjUxMi0yYzMxLTQxNjItODFkMC1mMTEzZWRkN2YzNzkiLCJpc3MiOiJpZGVudGl0eS1zZXJ2aWNlIiwiYXVkIjpbImFwaS1nYXRld2F5Il0sInN1YiI6IjQiLCJlbWFpbCI6ImFkbWluQHNhbXQubG9jYWwiLCJyb2xlcyI6WyJBRE1JTiJdLCJ0b2tlbl90eXBlIjoiQUNDRVNTIiwiaWF0IjoxNzcyOTUwMTY2LCJleHAiOjE3NzI5NTEwNjZ9.hkqw4f_qbR03PahFElRJABI0RwCXFDTH9snXHtG6l_gYLYUM-lvfva-0XhJ6JMrrDu3BJRi6mnMCinrmz3p2AHqzLCrDHqkEEmHLUV-KtAv1TltWr_Lp6Ev7C-NBukuVvr0R0qQzEBt1QvyGoYouWIEdS5GVfZd_P804f4_R1kunodqqhNHwWEKwlLZ-7Rpz4UNHFgoQW9-ZLRKXOeJ-uKtmIGq0ZfiEa_5tLmLv9_6jIEVpatk0BZFepDAL7pfocB_E50-bb7E-Z0L81AGE9vpa38TFhHJdx7-rI8VjNVK68vRIMLiAsgxKgLpEkyH47KW6tvAYGFhYDhw6jfXdWg",
  "refreshToken": "359310d1-ffc8-40c4-85fc-8a04236d6140",
  "tokenType": "Bearer",
  "expiresIn": 900
}
[x] POST_/api/auth/login_happy -> [200]

---------------------

=== POST_/api/auth/login_invalid_payload ===

POST http://localhost:9080/api/auth/login
accept-encoding: gzip, deflate, br
accept: */*
content-length: 50
content-type: application/json
user-agent: httpyac

{
  "email": "",
  "password": "Str0ng@Pass!"
}
HTTP/1.1 400  - Bad Request
cache-control: no-cache, no-store, max-age=0, must-revalidate
content-type: application/json
date: Sun, 08 Mar 2026 06:09:26 GMT
expires: 0
pragma: no-cache
referrer-policy: no-referrer
transfer-encoding: chunked
vary: Origin, Access-Control-Request-Method, Access-Control-Request-Headers
x-content-type-options: nosniff
x-frame-options: DENY
x-ratelimit-burst-capacity: 600
x-ratelimit-remaining: 480
x-ratelimit-replenish-rate: 5
x-ratelimit-requested-tokens: 60
x-xss-protection: 0

{
  "statusCode": 400,
  "error": "Bad Request",
  "message": "Email is required"
}
[x] POST_/api/auth/login_invalid_payload -> [400]

---------------------

=== POST_/api/auth/refresh_happy ===

POST http://localhost:9080/api/auth/refresh
accept-encoding: gzip, deflate, br
accept: */*
content-length: 62
content-type: application/json
user-agent: httpyac

{
  "refreshToken": "359310d1-ffc8-40c4-85fc-8a04236d6140"
}
HTTP/1.1 200  - OK
cache-control: no-cache, no-store, max-age=0, must-revalidate
content-type: application/json
date: Sun, 08 Mar 2026 06:09:26 GMT
expires: 0
pragma: no-cache
referrer-policy: no-referrer
transfer-encoding: chunked
vary: Origin, Access-Control-Request-Method, Access-Control-Request-Headers
x-content-type-options: nosniff
x-frame-options: DENY
x-ratelimit-burst-capacity: 200
x-ratelimit-remaining: 199
x-ratelimit-replenish-rate: 100
x-ratelimit-requested-tokens: 1
x-xss-protection: 0

{
  "accessToken": "eyJ0eXAiOiJKV1QiLCJraWQiOiJpZGVudGl0eS1sb2NhbC0xIiwiYWxnIjoiUlMyNTYifQ.eyJqdGkiOiIxYWMyNjkzOS0wOTg3LTQ3ZWYtOGExYy03ZDcxMDhmOWI5MjciLCJpc3MiOiJpZGVudGl0eS1zZXJ2aWNlIiwiYXVkIjpbImFwaS1nYXRld2F5Il0sInN1YiI6IjQiLCJlbWFpbCI6ImFkbWluQHNhbXQubG9jYWwiLCJyb2xlcyI6WyJBRE1JTiJdLCJ0b2tlbl90eXBlIjoiQUNDRVNTIiwiaWF0IjoxNzcyOTUwMTY2LCJleHAiOjE3NzI5NTEwNjZ9.vzKXGKOMMsS0RKfAxiH3_yj0s69hOrCIX_H2nQzPOa-jI3B8rM13mwnvXHP9qUUCTIwBzknF1ZDggmdxJx4U6qpvOSa_E_4MjAJKAG6dvfT-xmYu6W5aU-yXlVX7WxAvnVO14BBvXAO3OR-OW6O6pTj_rZqir8QTxg1ctRY-v4zEEfd2zTv1d6KczcytwaX51FP8SC1jYf_ox8EvfLZd4bBkIt_m_6uDkaX7LRHbbnepGm7vgyIYIk6Bcr0ioJuoRFvTokkaKWhk8ww3sZj8sInkFEjqgUalpsygnad1EMwsf8Tic-kH-reuRNXnhRKZU7Up5uvcG8lJ21r_robkRg",
  "refreshToken": "4e5b5d62-a3f5-49a3-bf2e-463cb7b59642",
  "tokenType": "Bearer",
  "expiresIn": 900
}
[x] POST_/api/auth/refresh_happy -> [200]

---------------------

=== POST_/api/auth/refresh_invalid_payload ===

POST http://localhost:9080/api/auth/refresh
accept-encoding: gzip, deflate, br
accept: */*
content-length: 26
content-type: application/json
user-agent: httpyac

{
  "refreshToken": ""
}
HTTP/1.1 400  - Bad Request
cache-control: no-cache, no-store, max-age=0, must-revalidate
content-type: application/json
date: Sun, 08 Mar 2026 06:09:26 GMT
expires: 0
pragma: no-cache
referrer-policy: no-referrer
transfer-encoding: chunked
vary: Origin, Access-Control-Request-Method, Access-Control-Request-Headers
x-content-type-options: nosniff
x-frame-options: DENY
x-ratelimit-burst-capacity: 200
x-ratelimit-remaining: 198
x-ratelimit-replenish-rate: 100
x-ratelimit-requested-tokens: 1
x-xss-protection: 0

{
  "statusCode": 400,
  "error": "Bad Request",
  "message": "Refresh token is required"
}
[x] POST_/api/auth/refresh_invalid_payload -> [400]

---------------------

=== POST_/api/auth/logout_happy ===

POST http://localhost:9080/api/auth/logout
accept-encoding: gzip, deflate, br
accept: */*
authorization: Bearer eyJ0eXAiOiJKV1QiLCJraWQiOiJpZGVudGl0eS1sb2NhbC0xIiwiYWxnIjoiUlMyNTYifQ.eyJqdGkiOiJkMDNmMjUxMi0yYzMxLTQxNjItODFkMC1mMTEzZWRkN2YzNzkiLCJpc3MiOiJpZGVudGl0eS1zZXJ2aWNlIiwiYXVkIjpbImFwaS1nYXRld2F5Il0sInN1YiI6IjQiLCJlbWFpbCI6ImFkbWluQHNhbXQubG9jYWwiLCJyb2xlcyI6WyJBRE1JTiJdLCJ0b2tlbl90eXBlIjoiQUNDRVNTIiwiaWF0IjoxNzcyOTUwMTY2LCJleHAiOjE3NzI5NTEwNjZ9.hkqw4f_qbR03PahFElRJABI0RwCXFDTH9snXHtG6l_gYLYUM-lvfva-0XhJ6JMrrDu3BJRi6mnMCinrmz3p2AHqzLCrDHqkEEmHLUV-KtAv1TltWr_Lp6Ev7C-NBukuVvr0R0qQzEBt1QvyGoYouWIEdS5GVfZd_P804f4_R1kunodqqhNHwWEKwlLZ-7Rpz4UNHFgoQW9-ZLRKXOeJ-uKtmIGq0ZfiEa_5tLmLv9_6jIEVpatk0BZFepDAL7pfocB_E50-bb7E-Z0L81AGE9vpa38TFhHJdx7-rI8VjNVK68vRIMLiAsgxKgLpEkyH47KW6tvAYGFhYDhw6jfXdWg
content-length: 62
content-type: application/json
user-agent: httpyac

{
  "refreshToken": "359310d1-ffc8-40c4-85fc-8a04236d6140"
}
HTTP/1.1 204  - No Content
cache-control: no-cache, no-store, max-age=0, must-revalidate
date: Sun, 08 Mar 2026 06:09:26 GMT
expires: 0
pragma: no-cache
referrer-policy: no-referrer
vary: Origin, Access-Control-Request-Method, Access-Control-Request-Headers
x-content-type-options: nosniff
x-frame-options: DENY
x-ratelimit-burst-capacity: 200
x-ratelimit-remaining: 197
x-ratelimit-replenish-rate: 100
x-ratelimit-requested-tokens: 1
x-xss-protection: 0
[x] POST_/api/auth/logout_happy -> [204]

---------------------

=== POST_/api/auth/logout_unauthorized ===

POST http://localhost:9080/api/auth/logout
accept-encoding: gzip, deflate, br
accept: */*
authorization: Bearer invalid.jwt.token
content-length: 62
content-type: application/json
user-agent: httpyac

{
  "refreshToken": "359310d1-ffc8-40c4-85fc-8a04236d6140"
}
HTTP/1.1 401  - Unauthorized
content-length: 111
content-type: application/json

{
  "statusCode": 401,
  "error": "Unauthorized",
  "message": "Unauthorized",
  "timestamp": "2026-03-08T06:09:26.980104341Z"
}
[x] POST_/api/auth/logout_unauthorized -> [401]

---------------------

=== POST_/api/auth/logout_invalid_payload ===

POST http://localhost:9080/api/auth/logout
accept-encoding: gzip, deflate, br
accept: */*
authorization: Bearer eyJ0eXAiOiJKV1QiLCJraWQiOiJpZGVudGl0eS1sb2NhbC0xIiwiYWxnIjoiUlMyNTYifQ.eyJqdGkiOiJkMDNmMjUxMi0yYzMxLTQxNjItODFkMC1mMTEzZWRkN2YzNzkiLCJpc3MiOiJpZGVudGl0eS1zZXJ2aWNlIiwiYXVkIjpbImFwaS1nYXRld2F5Il0sInN1YiI6IjQiLCJlbWFpbCI6ImFkbWluQHNhbXQubG9jYWwiLCJyb2xlcyI6WyJBRE1JTiJdLCJ0b2tlbl90eXBlIjoiQUNDRVNTIiwiaWF0IjoxNzcyOTUwMTY2LCJleHAiOjE3NzI5NTEwNjZ9.hkqw4f_qbR03PahFElRJABI0RwCXFDTH9snXHtG6l_gYLYUM-lvfva-0XhJ6JMrrDu3BJRi6mnMCinrmz3p2AHqzLCrDHqkEEmHLUV-KtAv1TltWr_Lp6Ev7C-NBukuVvr0R0qQzEBt1QvyGoYouWIEdS5GVfZd_P804f4_R1kunodqqhNHwWEKwlLZ-7Rpz4UNHFgoQW9-ZLRKXOeJ-uKtmIGq0ZfiEa_5tLmLv9_6jIEVpatk0BZFepDAL7pfocB_E50-bb7E-Z0L81AGE9vpa38TFhHJdx7-rI8VjNVK68vRIMLiAsgxKgLpEkyH47KW6tvAYGFhYDhw6jfXdWg
content-length: 26
content-type: application/json
user-agent: httpyac

{
  "refreshToken": ""
}
HTTP/1.1 400  - Bad Request
cache-control: no-cache, no-store, max-age=0, must-revalidate
content-type: application/json
date: Sun, 08 Mar 2026 06:09:26 GMT
expires: 0
pragma: no-cache
referrer-policy: no-referrer
transfer-encoding: chunked
vary: Origin, Access-Control-Request-Method, Access-Control-Request-Headers
x-content-type-options: nosniff
x-frame-options: DENY
x-ratelimit-burst-capacity: 200
x-ratelimit-remaining: 196
x-ratelimit-replenish-rate: 100
x-ratelimit-requested-tokens: 1
x-xss-protection: 0

{
  "statusCode": 400,
  "error": "Bad Request",
  "message": "Refresh token is required"
}
[x] POST_/api/auth/logout_invalid_payload -> [400, 401]

---------------------

=== POST_/api/auth/register_happy ===

POST http://localhost:9080/api/auth/register
accept-encoding: gzip, deflate, br
accept: */*
content-length: 165
content-type: application/json
user-agent: httpyac

{
  "email": "qa.student2@samt.local",
  "password": "Str0ng@Pass!",
  "confirmPassword": "Str0ng@Pass!",
  "fullName": "QA Student Two",
  "role": "STUDENT"
}
HTTP/1.1 409  - Conflict
cache-control: no-cache, no-store, max-age=0, must-revalidate
content-type: application/json
date: Sun, 08 Mar 2026 06:09:27 GMT
expires: 0
pragma: no-cache
referrer-policy: no-referrer
transfer-encoding: chunked
vary: Origin, Access-Control-Request-Method, Access-Control-Request-Headers
x-content-type-options: nosniff
x-frame-options: DENY
x-ratelimit-burst-capacity: 200
x-ratelimit-remaining: 195
x-ratelimit-replenish-rate: 100
x-ratelimit-requested-tokens: 1
x-xss-protection: 0

{
  "statusCode": 409,
  "error": "Conflict",
  "message": "Email already registered"
}
[x] POST_/api/auth/register_happy -> [201, 409]

---------------------

=== POST_/api/auth/register_invalid_payload ===

POST http://localhost:9080/api/auth/register
accept-encoding: gzip, deflate, br
accept: */*
content-length: 151
content-type: application/json
user-agent: httpyac

{
  "email": "not-an-email",
  "password": "Str0ng@Pass!",
  "confirmPassword": "Str0ng@Pass!",
  "fullName": "QA api aut",
  "role": "STUDENT"
}
HTTP/1.1 400  - Bad Request
cache-control: no-cache, no-store, max-age=0, must-revalidate
content-type: application/json
date: Sun, 08 Mar 2026 06:09:27 GMT
expires: 0
pragma: no-cache
referrer-policy: no-referrer
transfer-encoding: chunked
vary: Origin, Access-Control-Request-Method, Access-Control-Request-Headers
x-content-type-options: nosniff
x-frame-options: DENY
x-ratelimit-burst-capacity: 200
x-ratelimit-remaining: 199
x-ratelimit-replenish-rate: 100
x-ratelimit-requested-tokens: 1
x-xss-protection: 0

{
  "statusCode": 400,
  "error": "Bad Request",
  "message": "Invalid email format"
}
[x] POST_/api/auth/register_invalid_payload -> [400]

---------------------

=== POST_/api/auth/register_missing_required ===

POST http://localhost:9080/api/auth/register
accept-encoding: gzip, deflate, br
accept: */*
content-length: 2
content-type: application/json
user-agent: httpyac

{}
HTTP/1.1 400  - Bad Request
cache-control: no-cache, no-store, max-age=0, must-revalidate
content-type: application/json
date: Sun, 08 Mar 2026 06:09:27 GMT
expires: 0
pragma: no-cache
referrer-policy: no-referrer
transfer-encoding: chunked
vary: Origin, Access-Control-Request-Method, Access-Control-Request-Headers
x-content-type-options: nosniff
x-frame-options: DENY
x-ratelimit-burst-capacity: 200
x-ratelimit-remaining: 198
x-ratelimit-replenish-rate: 100
x-ratelimit-requested-tokens: 1
x-xss-protection: 0

{
  "statusCode": 400,
  "error": "Bad Request",
  "message": "Password is required"
}
[x] POST_/api/auth/register_missing_required -> [400]

10 requests processed (10 succeeded)
