
> samt-api-qa@1.0.0 tests:contract
> npm run contract:schemathesis


> samt-api-qa@1.0.0 contract:schemathesis
> node scripts/run-schemathesis-docker.mjs


---------------------

=== Admin login ===

POST http://localhost:9080/api/auth/login
accept-encoding: gzip, deflate, br
accept: */*
content-length: 66
content-type: application/json
user-agent: httpyac

{
  "email": "admin@samt.local",
  "password": "Str0ng@Pass!"
}
HTTP/1.1 200  - OK
cache-control: no-cache, no-store, max-age=0, must-revalidate
content-type: application/json
date: Sun, 08 Mar 2026 06:01:55 GMT
expires: 0
pragma: no-cache
referrer-policy: no-referrer
transfer-encoding: chunked
vary: Origin, Access-Control-Request-Method, Access-Control-Request-Headers
x-content-type-options: nosniff
x-frame-options: DENY
x-ratelimit-burst-capacity: 600
x-ratelimit-remaining: 540
x-ratelimit-replenish-rate: 5
x-ratelimit-requested-tokens: 60
x-xss-protection: 0

{
  "accessToken": "eyJ0eXAiOiJKV1QiLCJraWQiOiJpZGVudGl0eS1sb2NhbC0xIiwiYWxnIjoiUlMyNTYifQ.eyJqdGkiOiI0ZjQ0MWMwMy0wZDM0LTQzOGEtYjhkNC0yYzk4ZmRmYzMyMmYiLCJpc3MiOiJpZGVudGl0eS1zZXJ2aWNlIiwiYXVkIjpbImFwaS1nYXRld2F5Il0sInN1YiI6IjQiLCJlbWFpbCI6ImFkbWluQHNhbXQubG9jYWwiLCJyb2xlcyI6WyJBRE1JTiJdLCJ0b2tlbl90eXBlIjoiQUNDRVNTIiwiaWF0IjoxNzcyOTQ5NzE1LCJleHAiOjE3NzI5NTA2MTV9.LYjEGXfX7OfQL4MF33rrjlS8bSzsKdt36rz7UzBzCoDdUdydvt6x8PmiseR5qR-k-npWi1kIvBmNvVOApb0Iwu5GfqytkBTgC44KABUkARQjUGo1f9OFLqTFQwkvHRC2YxxoTGfaHIBrqB9WXVa1erp4LK1YzBczPuPd7CC6HC4RTatbUQIZHStpmIcAUtMCzrx3I1_KUnzdP8JxwOxbwrphYUCu2zsAvQcQvnVBuS10dTNlypnZPJNWlG8t9qGFpmvHFdoQ-2ePXpoDPbOtwISEn3o4L4qOa8nVeF3n3QevhGb0GYXZLeO8phL9LTJqiG3J51fRuOHbQjHG0OF5cw",
  "refreshToken": "99702608-f7a3-4ea2-8079-ded8bc41083f",
  "tokenType": "Bearer",
  "expiresIn": 900
}
[x] admin login
--------------------- E:\Bin\SAMT\tests\bootstrap.http  --

---------------------

=== Ensure qa lecturer exists ===

POST http://localhost:9080/api/admin/users
accept-encoding: gzip, deflate, br
accept: */*
authorization: Bearer eyJ0eXAiOiJKV1QiLCJraWQiOiJpZGVudGl0eS1sb2NhbC0xIiwiYWxnIjoiUlMyNTYifQ.eyJqdGkiOiI0ZjQ0MWMwMy0wZDM0LTQzOGEtYjhkNC0yYzk4ZmRmYzMyMmYiLCJpc3MiOiJpZGVudGl0eS1zZXJ2aWNlIiwiYXVkIjpbImFwaS1nYXRld2F5Il0sInN1YiI6IjQiLCJlbWFpbCI6ImFkbWluQHNhbXQubG9jYWwiLCJyb2xlcyI6WyJBRE1JTiJdLCJ0b2tlbl90eXBlIjoiQUNDRVNTIiwiaWF0IjoxNzcyOTQ5NzE1LCJleHAiOjE3NzI5NTA2MTV9.LYjEGXfX7OfQL4MF33rrjlS8bSzsKdt36rz7UzBzCoDdUdydvt6x8PmiseR5qR-k-npWi1kIvBmNvVOApb0Iwu5GfqytkBTgC44KABUkARQjUGo1f9OFLqTFQwkvHRC2YxxoTGfaHIBrqB9WXVa1erp4LK1YzBczPuPd7CC6HC4RTatbUQIZHStpmIcAUtMCzrx3I1_KUnzdP8JxwOxbwrphYUCu2zsAvQcQvnVBuS10dTNlypnZPJNWlG8t9qGFpmvHFdoQ-2ePXpoDPbOtwISEn3o4L4qOa8nVeF3n3QevhGb0GYXZLeO8phL9LTJqiG3J51fRuOHbQjHG0OF5cw
content-length: 125
content-type: application/json
user-agent: httpyac

{
  "email": "qa.lecturer@samt.local",
  "password": "Str0ng@Pass!",
  "fullName": "QA Lecturer",
  "role": "LECTURER"
}
HTTP/1.1 409  - Conflict
cache-control: no-cache, no-store, max-age=0, must-revalidate
content-type: application/json
date: Sun, 08 Mar 2026 06:01:55 GMT
expires: 0
pragma: no-cache
referrer-policy: no-referrer
transfer-encoding: chunked
vary: Origin, Access-Control-Request-Method, Access-Control-Request-Headers
x-content-type-options: nosniff
x-frame-options: DENY
x-ratelimit-burst-capacity: 200
x-ratelimit-remaining: 199
x-ratelimit-replenish-rate: 100
x-ratelimit-requested-tokens: 1
x-xss-protection: 0

{
  "statusCode": 409,
  "error": "Conflict",
  "message": "Email already registered"
}
[x] ensure qa lecturer

---------------------

=== Ensure qa student exists ===

POST http://localhost:9080/api/admin/users
accept-encoding: gzip, deflate, br
accept: */*
authorization: Bearer eyJ0eXAiOiJKV1QiLCJraWQiOiJpZGVudGl0eS1sb2NhbC0xIiwiYWxnIjoiUlMyNTYifQ.eyJqdGkiOiI0ZjQ0MWMwMy0wZDM0LTQzOGEtYjhkNC0yYzk4ZmRmYzMyMmYiLCJpc3MiOiJpZGVudGl0eS1zZXJ2aWNlIiwiYXVkIjpbImFwaS1nYXRld2F5Il0sInN1YiI6IjQiLCJlbWFpbCI6ImFkbWluQHNhbXQubG9jYWwiLCJyb2xlcyI6WyJBRE1JTiJdLCJ0b2tlbl90eXBlIjoiQUNDRVNTIiwiaWF0IjoxNzcyOTQ5NzE1LCJleHAiOjE3NzI5NTA2MTV9.LYjEGXfX7OfQL4MF33rrjlS8bSzsKdt36rz7UzBzCoDdUdydvt6x8PmiseR5qR-k-npWi1kIvBmNvVOApb0Iwu5GfqytkBTgC44KABUkARQjUGo1f9OFLqTFQwkvHRC2YxxoTGfaHIBrqB9WXVa1erp4LK1YzBczPuPd7CC6HC4RTatbUQIZHStpmIcAUtMCzrx3I1_KUnzdP8JxwOxbwrphYUCu2zsAvQcQvnVBuS10dTNlypnZPJNWlG8t9qGFpmvHFdoQ-2ePXpoDPbOtwISEn3o4L4qOa8nVeF3n3QevhGb0GYXZLeO8phL9LTJqiG3J51fRuOHbQjHG0OF5cw
content-length: 122
content-type: application/json
user-agent: httpyac

{
  "email": "qa.student@samt.local",
  "password": "Str0ng@Pass!",
  "fullName": "QA Student",
  "role": "STUDENT"
}
HTTP/1.1 409  - Conflict
cache-control: no-cache, no-store, max-age=0, must-revalidate
content-type: application/json
date: Sun, 08 Mar 2026 06:01:56 GMT
expires: 0
pragma: no-cache
referrer-policy: no-referrer
transfer-encoding: chunked
vary: Origin, Access-Control-Request-Method, Access-Control-Request-Headers
x-content-type-options: nosniff
x-frame-options: DENY
x-ratelimit-burst-capacity: 200
x-ratelimit-remaining: 198
x-ratelimit-replenish-rate: 100
x-ratelimit-requested-tokens: 1
x-xss-protection: 0

{
  "statusCode": 409,
  "error": "Conflict",
  "message": "Email already registered"
}
[x] ensure qa student

---------------------

=== Ensure qa student2 exists ===

POST http://localhost:9080/api/admin/users
accept-encoding: gzip, deflate, br
accept: */*
authorization: Bearer eyJ0eXAiOiJKV1QiLCJraWQiOiJpZGVudGl0eS1sb2NhbC0xIiwiYWxnIjoiUlMyNTYifQ.eyJqdGkiOiI0ZjQ0MWMwMy0wZDM0LTQzOGEtYjhkNC0yYzk4ZmRmYzMyMmYiLCJpc3MiOiJpZGVudGl0eS1zZXJ2aWNlIiwiYXVkIjpbImFwaS1nYXRld2F5Il0sInN1YiI6IjQiLCJlbWFpbCI6ImFkbWluQHNhbXQubG9jYWwiLCJyb2xlcyI6WyJBRE1JTiJdLCJ0b2tlbl90eXBlIjoiQUNDRVNTIiwiaWF0IjoxNzcyOTQ5NzE1LCJleHAiOjE3NzI5NTA2MTV9.LYjEGXfX7OfQL4MF33rrjlS8bSzsKdt36rz7UzBzCoDdUdydvt6x8PmiseR5qR-k-npWi1kIvBmNvVOApb0Iwu5GfqytkBTgC44KABUkARQjUGo1f9OFLqTFQwkvHRC2YxxoTGfaHIBrqB9WXVa1erp4LK1YzBczPuPd7CC6HC4RTatbUQIZHStpmIcAUtMCzrx3I1_KUnzdP8JxwOxbwrphYUCu2zsAvQcQvnVBuS10dTNlypnZPJNWlG8t9qGFpmvHFdoQ-2ePXpoDPbOtwISEn3o4L4qOa8nVeF3n3QevhGb0GYXZLeO8phL9LTJqiG3J51fRuOHbQjHG0OF5cw
content-length: 141
content-type: application/json
user-agent: httpyac

{
  "email": "qa.student2+1772949715869@samt.local",
  "password": "Str0ng@Pass!",
  "fullName": "QA Student Two",
  "role": "STUDENT"
}
HTTP/1.1 201  - Created
cache-control: no-cache, no-store, max-age=0, must-revalidate
content-type: application/json
date: Sun, 08 Mar 2026 06:01:56 GMT
expires: 0
pragma: no-cache
referrer-policy: no-referrer
transfer-encoding: chunked
vary: Origin, Access-Control-Request-Method, Access-Control-Request-Headers
x-content-type-options: nosniff
x-frame-options: DENY
x-ratelimit-burst-capacity: 200
x-ratelimit-remaining: 199
x-ratelimit-replenish-rate: 100
x-ratelimit-requested-tokens: 1
x-xss-protection: 0

{
  "message": "User created successfully",
  "user": {
    "id": 534,
    "email": "qa.student2+1772949715869@samt.local",
    "fullName": "QA Student Two",
    "role": "STUDENT",
    "status": "ACTIVE",
    "jiraAccountId": null,
    "githubUsername": null,
    "createdAt": "2026-03-08T06:01:56Z"
  },
  "temporaryPassword": "Str0ng@Pass!"
}
[x] ensure qa student2

---------------------

=== Ensure admin lifecycle user exists ===

POST http://localhost:9080/api/admin/users
accept-encoding: gzip, deflate, br
accept: */*
authorization: Bearer eyJ0eXAiOiJKV1QiLCJraWQiOiJpZGVudGl0eS1sb2NhbC0xIiwiYWxnIjoiUlMyNTYifQ.eyJqdGkiOiI0ZjQ0MWMwMy0wZDM0LTQzOGEtYjhkNC0yYzk4ZmRmYzMyMmYiLCJpc3MiOiJpZGVudGl0eS1zZXJ2aWNlIiwiYXVkIjpbImFwaS1nYXRld2F5Il0sInN1YiI6IjQiLCJlbWFpbCI6ImFkbWluQHNhbXQubG9jYWwiLCJyb2xlcyI6WyJBRE1JTiJdLCJ0b2tlbl90eXBlIjoiQUNDRVNTIiwiaWF0IjoxNzcyOTQ5NzE1LCJleHAiOjE3NzI5NTA2MTV9.LYjEGXfX7OfQL4MF33rrjlS8bSzsKdt36rz7UzBzCoDdUdydvt6x8PmiseR5qR-k-npWi1kIvBmNvVOApb0Iwu5GfqytkBTgC44KABUkARQjUGo1f9OFLqTFQwkvHRC2YxxoTGfaHIBrqB9WXVa1erp4LK1YzBczPuPd7CC6HC4RTatbUQIZHStpmIcAUtMCzrx3I1_KUnzdP8JxwOxbwrphYUCu2zsAvQcQvnVBuS10dTNlypnZPJNWlG8t9qGFpmvHFdoQ-2ePXpoDPbOtwISEn3o4L4qOa8nVeF3n3QevhGb0GYXZLeO8phL9LTJqiG3J51fRuOHbQjHG0OF5cw
content-length: 152
content-type: application/json
user-agent: httpyac

{
  "email": "qa.admin.lifecycle+1772949715869@samt.local",
  "password": "Str0ng@Pass!",
  "fullName": "QA Admin Lifecycle",
  "role": "STUDENT"
}
HTTP/1.1 201  - Created
cache-control: no-cache, no-store, max-age=0, must-revalidate
content-type: application/json
date: Sun, 08 Mar 2026 06:01:56 GMT
expires: 0
pragma: no-cache
referrer-policy: no-referrer
transfer-encoding: chunked
vary: Origin, Access-Control-Request-Method, Access-Control-Request-Headers
x-content-type-options: nosniff
x-frame-options: DENY
x-ratelimit-burst-capacity: 200
x-ratelimit-remaining: 198
x-ratelimit-replenish-rate: 100
x-ratelimit-requested-tokens: 1
x-xss-protection: 0

{
  "message": "User created successfully",
  "user": {
    "id": 535,
    "email": "qa.admin.lifecycle+1772949715869@samt.local",
    "fullName": "QA Admin Lifecycle",
    "role": "STUDENT",
    "status": "ACTIVE",
    "jiraAccountId": null,
    "githubUsername": null,
    "createdAt": "2026-03-08T06:01:56Z"
  },
  "temporaryPassword": "Str0ng@Pass!"
}
[x] ensure admin lifecycle user

---------------------

=== Ensure stateful member user exists ===

POST http://localhost:9080/api/admin/users
accept-encoding: gzip, deflate, br
accept: */*
authorization: Bearer eyJ0eXAiOiJKV1QiLCJraWQiOiJpZGVudGl0eS1sb2NhbC0xIiwiYWxnIjoiUlMyNTYifQ.eyJqdGkiOiI0ZjQ0MWMwMy0wZDM0LTQzOGEtYjhkNC0yYzk4ZmRmYzMyMmYiLCJpc3MiOiJpZGVudGl0eS1zZXJ2aWNlIiwiYXVkIjpbImFwaS1nYXRld2F5Il0sInN1YiI6IjQiLCJlbWFpbCI6ImFkbWluQHNhbXQubG9jYWwiLCJyb2xlcyI6WyJBRE1JTiJdLCJ0b2tlbl90eXBlIjoiQUNDRVNTIiwiaWF0IjoxNzcyOTQ5NzE1LCJleHAiOjE3NzI5NTA2MTV9.LYjEGXfX7OfQL4MF33rrjlS8bSzsKdt36rz7UzBzCoDdUdydvt6x8PmiseR5qR-k-npWi1kIvBmNvVOApb0Iwu5GfqytkBTgC44KABUkARQjUGo1f9OFLqTFQwkvHRC2YxxoTGfaHIBrqB9WXVa1erp4LK1YzBczPuPd7CC6HC4RTatbUQIZHStpmIcAUtMCzrx3I1_KUnzdP8JxwOxbwrphYUCu2zsAvQcQvnVBuS10dTNlypnZPJNWlG8t9qGFpmvHFdoQ-2ePXpoDPbOtwISEn3o4L4qOa8nVeF3n3QevhGb0GYXZLeO8phL9LTJqiG3J51fRuOHbQjHG0OF5cw
content-length: 152
content-type: application/json
user-agent: httpyac

{
  "email": "qa.stateful.member+1772949715869@samt.local",
  "password": "Str0ng@Pass!",
  "fullName": "QA Stateful Member",
  "role": "STUDENT"
}
HTTP/1.1 201  - Created
cache-control: no-cache, no-store, max-age=0, must-revalidate
content-type: application/json
date: Sun, 08 Mar 2026 06:01:56 GMT
expires: 0
pragma: no-cache
referrer-policy: no-referrer
transfer-encoding: chunked
vary: Origin, Access-Control-Request-Method, Access-Control-Request-Headers
x-content-type-options: nosniff
x-frame-options: DENY
x-ratelimit-burst-capacity: 200
x-ratelimit-remaining: 197
x-ratelimit-replenish-rate: 100
x-ratelimit-requested-tokens: 1
x-xss-protection: 0

{
  "message": "User created successfully",
  "user": {
    "id": 536,
    "email": "qa.stateful.member+1772949715869@samt.local",
    "fullName": "QA Stateful Member",
    "role": "STUDENT",
    "status": "ACTIVE",
    "jiraAccountId": null,
    "githubUsername": null,
    "createdAt": "2026-03-08T06:01:56Z"
  },
  "temporaryPassword": "Str0ng@Pass!"
}
[x] ensure stateful member user

---------------------

=== Lecturer login ===

POST http://localhost:9080/api/auth/login
accept-encoding: gzip, deflate, br
accept: */*
content-length: 72
content-type: application/json
user-agent: httpyac

{
  "email": "qa.lecturer@samt.local",
  "password": "Str0ng@Pass!"
}
HTTP/1.1 200  - OK
cache-control: no-cache, no-store, max-age=0, must-revalidate
content-type: application/json
date: Sun, 08 Mar 2026 06:01:56 GMT
expires: 0
pragma: no-cache
referrer-policy: no-referrer
transfer-encoding: chunked
vary: Origin, Access-Control-Request-Method, Access-Control-Request-Headers
x-content-type-options: nosniff
x-frame-options: DENY
x-ratelimit-burst-capacity: 600
x-ratelimit-remaining: 485
x-ratelimit-replenish-rate: 5
x-ratelimit-requested-tokens: 60
x-xss-protection: 0

{
  "accessToken": "eyJ0eXAiOiJKV1QiLCJraWQiOiJpZGVudGl0eS1sb2NhbC0xIiwiYWxnIjoiUlMyNTYifQ.eyJqdGkiOiJjZTg5ZTczMi03M2IzLTQ4MDItOTE4NS1iNmM1ODMxODg3N2UiLCJpc3MiOiJpZGVudGl0eS1zZXJ2aWNlIiwiYXVkIjpbImFwaS1nYXRld2F5Il0sInN1YiI6IjIzNSIsImVtYWlsIjoicWEubGVjdHVyZXJAc2FtdC5sb2NhbCIsInJvbGVzIjpbIkxFQ1RVUkVSIl0sInRva2VuX3R5cGUiOiJBQ0NFU1MiLCJpYXQiOjE3NzI5NDk3MTYsImV4cCI6MTc3Mjk1MDYxNn0.TSH-OJlAyiuTLyL6aZBS51qQsmKnOpOteGjJix-p-riCi02aQ2kWwlbFB7gP_COzGRVnkbcoCxnUYwe4kJnQPKI9TUCHJ45pBLzpo_eNnZEpYfRqRf-z-RknAtS6rU5qEG5Zau7vEaj6qsaAtoW_SUQNvuifuHhPAdkrojTZeucqw4A9zGuwJRpzRe-5PnqnyYNNtESwDs6k5cljIMaMy7LbLv7BfqdC0osXh2QXewKf_FGAE1QQVTavO7CHxAkvf8YQfZZshyJEE_NSzidgmTmUVIwVeVhMv776x8v3M1dDgCNjRPE9daCVB0ccGz25pUGX9MCRGWFaW5PXGgsB7g",
  "refreshToken": "0e2dfe59-9b4f-42c9-a83b-a05b6735a8f5",
  "tokenType": "Bearer",
  "expiresIn": 900
}
[x] lecturer login

---------------------

=== Student login ===

POST http://localhost:9080/api/auth/login
accept-encoding: gzip, deflate, br
accept: */*
content-length: 71
content-type: application/json
user-agent: httpyac

{
  "email": "qa.student@samt.local",
  "password": "Str0ng@Pass!"
}
HTTP/1.1 200  - OK
cache-control: no-cache, no-store, max-age=0, must-revalidate
content-type: application/json
date: Sun, 08 Mar 2026 06:01:56 GMT
expires: 0
pragma: no-cache
referrer-policy: no-referrer
transfer-encoding: chunked
vary: Origin, Access-Control-Request-Method, Access-Control-Request-Headers
x-content-type-options: nosniff
x-frame-options: DENY
x-ratelimit-burst-capacity: 600
x-ratelimit-remaining: 425
x-ratelimit-replenish-rate: 5
x-ratelimit-requested-tokens: 60
x-xss-protection: 0

{
  "accessToken": "eyJ0eXAiOiJKV1QiLCJraWQiOiJpZGVudGl0eS1sb2NhbC0xIiwiYWxnIjoiUlMyNTYifQ.eyJqdGkiOiIyODk2ZDk5Yy1mZGFjLTQxN2ItYjhmZC02N2Y0YzIxMmVmOTkiLCJpc3MiOiJpZGVudGl0eS1zZXJ2aWNlIiwiYXVkIjpbImFwaS1nYXRld2F5Il0sInN1YiI6IjIzNiIsImVtYWlsIjoicWEuc3R1ZGVudEBzYW10LmxvY2FsIiwicm9sZXMiOlsiU1RVREVOVCJdLCJ0b2tlbl90eXBlIjoiQUNDRVNTIiwiaWF0IjoxNzcyOTQ5NzE2LCJleHAiOjE3NzI5NTA2MTZ9.m0S_88GpVJubI_CSJUHOIc6hlwzE_bTmH1OEr37X9yAHRSzp92cpT6FqThJxfrh0KffRgUUkI9obMNXL2ND8xu4PPiCmAccO5y3pC_xO6_4F0wFsXEfzLE1pUO1fjiRkg3VfQUNrN9Bj6ksHpMyTWPFxfZ7M457lGUvRumxOpyIYADKn9uMLX7f-0gV2fkF6Aqm3VT_gJUm1fUym_HCvbt91_gqUAmjNBpQtOOolBHkJX10QUfLw6naz15yt8NKyreD3aBXbdCQqfVSQM5frxxHjp1M3eRH0PTxT0OAqXxwV4u4o6jnE0EThVWbIIph0L3o2PmVVCksTVc4gu0ubtQ",
  "refreshToken": "427b6dc4-714a-40f0-b579-fc266acd2554",
  "tokenType": "Bearer",
  "expiresIn": 900
}
[x] student login

---------------------

=== Validate fixture users from bootstrap ===

GET http://localhost:9080/actuator/health
accept-encoding: gzip, deflate, br
accept: */*
user-agent: httpyac
HTTP/1.1 200  - OK
cache-control: no-cache, no-store, max-age=0, must-revalidate
content-length: 15
content-type: application/vnd.spring-boot.actuator.v3+json
expires: 0
pragma: no-cache
referrer-policy: no-referrer
x-content-type-options: nosniff
x-frame-options: DENY
x-xss-protection: 0

{
  "status": "UP"
}
[x] validate fixture users from bootstrap
--------------------- E:\Bin\SAMT\tests\fixtures.http  --

---------------------

=== Create fixture semester ===

POST http://localhost:9080/api/semesters
accept-encoding: gzip, deflate, br
accept: */*
authorization: Bearer eyJ0eXAiOiJKV1QiLCJraWQiOiJpZGVudGl0eS1sb2NhbC0xIiwiYWxnIjoiUlMyNTYifQ.eyJqdGkiOiI0ZjQ0MWMwMy0wZDM0LTQzOGEtYjhkNC0yYzk4ZmRmYzMyMmYiLCJpc3MiOiJpZGVudGl0eS1zZXJ2aWNlIiwiYXVkIjpbImFwaS1nYXRld2F5Il0sInN1YiI6IjQiLCJlbWFpbCI6ImFkbWluQHNhbXQubG9jYWwiLCJyb2xlcyI6WyJBRE1JTiJdLCJ0b2tlbl90eXBlIjoiQUNDRVNTIiwiaWF0IjoxNzcyOTQ5NzE1LCJleHAiOjE3NzI5NTA2MTV9.LYjEGXfX7OfQL4MF33rrjlS8bSzsKdt36rz7UzBzCoDdUdydvt6x8PmiseR5qR-k-npWi1kIvBmNvVOApb0Iwu5GfqytkBTgC44KABUkARQjUGo1f9OFLqTFQwkvHRC2YxxoTGfaHIBrqB9WXVa1erp4LK1YzBczPuPd7CC6HC4RTatbUQIZHStpmIcAUtMCzrx3I1_KUnzdP8JxwOxbwrphYUCu2zsAvQcQvnVBuS10dTNlypnZPJNWlG8t9qGFpmvHFdoQ-2ePXpoDPbOtwISEn3o4L4qOa8nVeF3n3QevhGb0GYXZLeO8phL9LTJqiG3J51fRuOHbQjHG0OF5cw
content-length: 136
content-type: application/json
user-agent: httpyac

{
  "semesterCode": "QA-2026-S1",
  "semesterName": "QA Semester 2026 S1",
  "startDate": "2026-06-01",
  "endDate": "2026-08-31"
}
HTTP/1.1 409  - Conflict
cache-control: no-cache, no-store, max-age=0, must-revalidate
content-type: application/json
date: Sun, 08 Mar 2026 06:01:56 GMT
expires: 0
pragma: no-cache
referrer-policy: no-referrer
transfer-encoding: chunked
vary: Origin, Access-Control-Request-Method, Access-Control-Request-Headers
x-content-type-options: nosniff
x-frame-options: DENY
x-ratelimit-burst-capacity: 200
x-ratelimit-remaining: 199
x-ratelimit-replenish-rate: 100
x-ratelimit-requested-tokens: 1
x-xss-protection: 0

{
  "statusCode": 409,
  "error": "Conflict",
  "message": "Semester code already exists: QA-2026-S1",
  "timestamp": "2026-03-08T06:01:56.417710447Z",
  "errors": null
}
[x] create fixture semester

---------------------

=== Resolve fixture semester ===

GET http://localhost:9080/api/semesters?page=0&size=200
accept-encoding: gzip, deflate, br
accept: */*
authorization: Bearer eyJ0eXAiOiJKV1QiLCJraWQiOiJpZGVudGl0eS1sb2NhbC0xIiwiYWxnIjoiUlMyNTYifQ.eyJqdGkiOiI0ZjQ0MWMwMy0wZDM0LTQzOGEtYjhkNC0yYzk4ZmRmYzMyMmYiLCJpc3MiOiJpZGVudGl0eS1zZXJ2aWNlIiwiYXVkIjpbImFwaS1nYXRld2F5Il0sInN1YiI6IjQiLCJlbWFpbCI6ImFkbWluQHNhbXQubG9jYWwiLCJyb2xlcyI6WyJBRE1JTiJdLCJ0b2tlbl90eXBlIjoiQUNDRVNTIiwiaWF0IjoxNzcyOTQ5NzE1LCJleHAiOjE3NzI5NTA2MTV9.LYjEGXfX7OfQL4MF33rrjlS8bSzsKdt36rz7UzBzCoDdUdydvt6x8PmiseR5qR-k-npWi1kIvBmNvVOApb0Iwu5GfqytkBTgC44KABUkARQjUGo1f9OFLqTFQwkvHRC2YxxoTGfaHIBrqB9WXVa1erp4LK1YzBczPuPd7CC6HC4RTatbUQIZHStpmIcAUtMCzrx3I1_KUnzdP8JxwOxbwrphYUCu2zsAvQcQvnVBuS10dTNlypnZPJNWlG8t9qGFpmvHFdoQ-2ePXpoDPbOtwISEn3o4L4qOa8nVeF3n3QevhGb0GYXZLeO8phL9LTJqiG3J51fRuOHbQjHG0OF5cw
user-agent: httpyac
HTTP/1.1 200  - OK
cache-control: no-cache, no-store, max-age=0, must-revalidate
content-type: application/json
date: Sun, 08 Mar 2026 06:01:56 GMT
expires: 0
pragma: no-cache
referrer-policy: no-referrer
transfer-encoding: chunked
vary: Origin, Access-Control-Request-Method, Access-Control-Request-Headers
x-content-type-options: nosniff
x-frame-options: DENY
x-ratelimit-burst-capacity: 200
x-ratelimit-remaining: 198
x-ratelimit-replenish-rate: 100
x-ratelimit-requested-tokens: 1
x-xss-protection: 0

[
  {
    "id": 87,
    "semesterCode": "\u0013ø´ô\u000b򿷩\u0010񟼏",
    "semesterName": "񆷳",
    "startDate": "8356-09-02",
    "endDate": "8778-06-05",
    "isActive": false,
    "createdAt": "2026-03-08T03:52:35.786549Z",
    "updatedAt": "2026-03-08T03:52:35.786549Z"
  },
  {
    "id": 89,
    "semesterCode": "򍑞򱖄𴝺ÊY钹W􅻆ñ𘚜",
    "semesterName": "dê%",
    "startDate": "6023-03-01",
    "endDate": "9068-12-07",
    "isActive": false,
    "createdAt": "2026-03-08T03:56:27.222633Z",
    "updatedAt": "2026-03-08T03:56:27.222633Z"
  },
  {
    "id": 71,
    "semesterCode": "¹v񠾤󃘵",
    "semesterName": "Z񈻦\u001bgcï²",
    "startDate": "5895-04-23",
    "endDate": "8043-02-26",
    "isActive": false,
    "createdAt": "2026-03-07T15:09:38.139923Z",
    "updatedAt": "2026-03-07T15:09:38.139923Z"
  },
  {
    "id": 91,
    "semesterCode": ")«",
    "semesterName": "3\t",
    "startDate": "5394-11-14",
    "endDate": "8848-10-27",
    "isActive": false,
    "createdAt": "2026-03-08T03:58:18.516375Z",
    "updatedAt": "2026-03-08T03:58:18.516376Z"
  },
  {
    "id": 93,
    "semesterCode": "𝑻𝒉𝒆 𝒒𝒖𝒊𝒄𝒌 𝒃𝒓𝒐𝒘𝒏 𝒇𝒐𝒙 𝒋𝒖𝒎𝒑𝒔 𝒐𝒗𝒆𝒓 𝒕𝒉𝒆 𝒍𝒂𝒛𝒚 𝒅𝒐𝒈",
    "semesterName": "#",
    "startDate": "5196-03-31",
    "endDate": "5647-04-09",
    "isActive": false,
    "createdAt": "2026-03-08T04:47:52.198761Z",
    "updatedAt": "2026-03-08T04:47:52.198761Z"
  },
  {
    "id": 94,
    "semesterCode": "񄧋\u000f񜎏w´򈴑ü¢",
    "semesterName": "8",
    "startDate": "4868-05-20",
    "endDate": "6682-10-28",
    "isActive": false,
    "createdAt": "2026-03-08T05:58:06.979131Z",
    "updatedAt": "2026-03-08T05:58:06.979131Z"
  },
  {
    "id": 92,
    "semesterCode": "æ򗔬\r𚛡",
    "semesterName": "",
    "startDate": "3810-12-04",
    "endDate": "9246-03-11",
    "isActive": false,
    "createdAt": "2026-03-08T04:43:01.092740Z",
    "updatedAt": "2026-03-08T04:43:01.092740Z"
  },
  {
    "id": 9,
    "semesterCode": "AUTO1772872706",
    "semesterName": "Auto Semester",
    "startDate": "2026-06-01",
    "endDate": "2026-08-31",
    "isActive": false,
    "createdAt": "2026-03-07T08:38:26.796994Z",
    "updatedAt": "2026-03-07T08:38:29.710161Z"
  },
  {
    "id": 10,
    "semesterCode": "AUTO1772872709",
    "semesterName": "Auto Semester",
    "startDate": "2026-06-01",
    "endDate": "2026-08-31",
    "isActive": false,
    "createdAt": "2026-03-07T08:38:29.679747Z",
    "updatedAt": "2026-03-07T08:41:30.705642Z"
  },
  {
    "id": 11,
    "semesterCode": "AUTO1772872890",
    "semesterName": "Auto Semester",
    "startDate": "2026-06-01",
    "endDate": "2026-08-31",
    "isActive": false,
    "createdAt": "2026-03-07T08:41:30.598655Z",
    "updatedAt": "2026-03-07T08:41:50.040532Z"
  },
  {
    "id": 12,
    "semesterCode": "AUTO1772872909",
    "semesterName": "Auto Semester",
    "startDate": "2026-06-01",
    "endDate": "2026-08-31",
    "isActive": false,
    "createdAt": "2026-03-07T08:41:50.015962Z",
    "updatedAt": "2026-03-07T09:03:06.966766Z"
  },
  {
    "id": 13,
    "semesterCode": "AUTO1772874186465",
    "semesterName": "Auto Semester 1772874186465",
    "startDate": "2026-06-01",
    "endDate": "2026-08-31",
    "isActive": false,
    "createdAt": "2026-03-07T09:03:06.761279Z",
    "updatedAt": "2026-03-07T09:07:58.089894Z"
  },
  {
    "id": 14,
    "semesterCode": "AUTO1772874478033",
    "semesterName": "Auto Semester 1772874478033",
    "startDate": "2026-06-01",
    "endDate": "2026-08-31",
    "isActive": false,
    "createdAt": "2026-03-07T09:07:58.056967Z",
    "updatedAt": "2026-03-07T09:08:53.089681Z"
  },
  {
    "id": 15,
    "semesterCode": "AUTO1772874533037",
    "semesterName": "Auto Semester 1772874533037",
    "startDate": "2026-06-01",
    "endDate": "2026-08-31",
    "isActive": false,
    "createdAt": "2026-03-07T09:08:53.056295Z",
    "updatedAt": "2026-03-07T09:09:20.558440Z"
  },
  {
    "id": 16,
    "semesterCode": "AUTO1772874560512",
    "semesterName": "Auto Semester 1772874560512",
    "startDate": "2026-06-01",
    "endDate": "2026-08-31",
    "isActive": false,
    "createdAt": "2026-03-07T09:09:20.531322Z",
    "updatedAt": "2026-03-07T09:09:36.595739Z"
  },
  {
    "id": 17,
    "semesterCode": "AUTO1772874576525",
    "semesterName": "Auto Semester 1772874576525",
    "startDate": "2026-06-01",
    "endDate": "2026-08-31",
    "isActive": false,
    "createdAt": "2026-03-07T09:09:36.566211Z",
    "updatedAt": "2026-03-07T09:10:29.628942Z"
  },
  {
    "id": 18,
    "semesterCode": "AUTO1772874629575",
    "semesterName": "Auto Semester 1772874629575",
    "startDate": "2026-06-01",
    "endDate": "2026-08-31",
    "isActive": false,
    "createdAt": "2026-03-07T09:10:29.599540Z",
    "updatedAt": "2026-03-07T09:12:27.101930Z"
  },
  {
    "id": 19,
    "semesterCode": "AUTO1772874747046",
    "semesterName": "Auto Semester 1772874747046",
    "startDate": "2026-06-01",
    "endDate": "2026-08-31",
    "isActive": false,
    "createdAt": "2026-03-07T09:12:27.070724Z",
    "updatedAt": "2026-03-07T09:13:17.070403Z"
  },
  {
    "id": 21,
    "semesterCode": "FX1772883462032",
    "semesterName": "Fixture Semester 1772883462032",
    "startDate": "2026-06-01",
    "endDate": "2026-08-31",
    "isActive": false,
    "createdAt": "2026-03-07T11:37:42.102062Z",
    "updatedAt": "2026-03-07T11:37:42.102062Z"
  },
  {
    "id": 22,
    "semesterCode": "FX1772883548719",
    "semesterName": "Fixture Semester 1772883548719",
    "startDate": "2026-06-01",
    "endDate": "2026-08-31",
    "isActive": false,
    "createdAt": "2026-03-07T11:39:08.740488Z",
    "updatedAt": "2026-03-07T11:39:08.740488Z"
  },
  {
    "id": 23,
    "semesterCode": "FX1772883573435",
    "semesterName": "Fixture Semester 1772883573435",
    "startDate": "2026-06-01",
    "endDate": "2026-08-31",
    "isActive": false,
    "createdAt": "2026-03-07T11:39:33.455365Z",
    "updatedAt": "2026-03-07T11:39:33.455365Z"
  },
  {
    "id": 20,
    "semesterCode": "AUTO1772874797028",
    "semesterName": "Auto Semester 1772874797028",
    "startDate": "2026-06-01",
    "endDate": "2026-08-31",
    "isActive": false,
    "createdAt": "2026-03-07T09:13:17.046415Z",
    "updatedAt": "2026-03-07T11:39:41.521200Z"
  },
  {
    "id": 24,
    "semesterCode": "FX1772883674135",
    "semesterName": "Fixture Semester 1772883674135",
    "startDate": "2026-06-01",
    "endDate": "2026-08-31",
    "isActive": false,
    "createdAt": "2026-03-07T11:41:14.156899Z",
    "updatedAt": "2026-03-07T11:41:14.156899Z"
  },
  {
    "id": 25,
    "semesterCode": "FX1772883827492",
    "semesterName": "Fixture Semester 1772883827492",
    "startDate": "2026-06-01",
    "endDate": "2026-08-31",
    "isActive": false,
    "createdAt": "2026-03-07T11:43:47.517576Z",
    "updatedAt": "2026-03-07T11:43:47.517577Z"
  },
  {
    "id": 26,
    "semesterCode": "FX1772884491878",
    "semesterName": "Fixture Semester 1772884491878",
    "startDate": "2026-06-01",
    "endDate": "2026-08-31",
    "isActive": false,
    "createdAt": "2026-03-07T11:54:51.901217Z",
    "updatedAt": "2026-03-07T11:54:51.901217Z"
  },
  {
    "id": 27,
    "semesterCode": "FX1772884554300",
    "semesterName": "Fixture Semester 1772884554300",
    "startDate": "2026-06-01",
    "endDate": "2026-08-31",
    "isActive": false,
    "createdAt": "2026-03-07T11:55:54.314542Z",
    "updatedAt": "2026-03-07T11:55:54.314542Z"
  },
  {
    "id": 28,
    "semesterCode": "FX1772884585121",
    "semesterName": "Fixture Semester 1772884585121",
    "startDate": "2026-06-01",
    "endDate": "2026-08-31",
    "isActive": false,
    "createdAt": "2026-03-07T11:56:25.133197Z",
    "updatedAt": "2026-03-07T11:56:25.133197Z"
  },
  {
    "id": 29,
    "semesterCode": "FX1772884590852",
    "semesterName": "Fixture Semester 1772884590852",
    "startDate": "2026-06-01",
    "endDate": "2026-08-31",
    "isActive": false,
    "createdAt": "2026-03-07T11:56:30.863715Z",
    "updatedAt": "2026-03-07T11:56:30.863715Z"
  },
  {
    "id": 30,
    "semesterCode": "FX1772885063983",
    "semesterName": "Fixture Semester 1772885063983",
    "startDate": "2026-06-01",
    "endDate": "2026-08-31",
    "isActive": false,
    "createdAt": "2026-03-07T12:04:24.003080Z",
    "updatedAt": "2026-03-07T12:04:24.003080Z"
  },
  {
    "id": 31,
    "semesterCode": "FX1772885248527",
    "semesterName": "Fixture Semester 1772885248527",
    "startDate": "2026-06-01",
    "endDate": "2026-08-31",
    "isActive": false,
    "createdAt": "2026-03-07T12:07:28.544967Z",
    "updatedAt": "2026-03-07T12:07:28.544967Z"
  },
  {
    "id": 32,
    "semesterCode": "FX1772885324164",
    "semesterName": "Fixture Semester 1772885324164",
    "startDate": "2026-06-01",
    "endDate": "2026-08-31",
    "isActive": false,
    "createdAt": "2026-03-07T12:08:44.178051Z",
    "updatedAt": "2026-03-07T12:08:44.178051Z"
  },
  {
    "id": 33,
    "semesterCode": "FX1772885388454",
    "semesterName": "Fixture Semester 1772885388454",
    "startDate": "2026-06-01",
    "endDate": "2026-08-31",
    "isActive": false,
    "createdAt": "2026-03-07T12:09:48.468382Z",
    "updatedAt": "2026-03-07T12:09:48.468382Z"
  },
  {
    "id": 34,
    "semesterCode": "FX1772885544344",
    "semesterName": "Fixture Semester 1772885544344",
    "startDate": "2026-06-01",
    "endDate": "2026-08-31",
    "isActive": false,
    "createdAt": "2026-03-07T12:12:24.357312Z",
    "updatedAt": "2026-03-07T12:12:24.357312Z"
  },
  {
    "id": 35,
    "semesterCode": "FX1772885568443",
    "semesterName": "Fixture Semester 1772885568443",
    "startDate": "2026-06-01",
    "endDate": "2026-08-31",
    "isActive": false,
    "createdAt": "2026-03-07T12:12:48.456630Z",
    "updatedAt": "2026-03-07T12:12:48.456630Z"
  },
  {
    "id": 36,
    "semesterCode": "FX1772886144289",
    "semesterName": "Fixture Semester 1772886144289",
    "startDate": "2026-06-01",
    "endDate": "2026-08-31",
    "isActive": false,
    "createdAt": "2026-03-07T12:22:24.304756Z",
    "updatedAt": "2026-03-07T12:22:24.304757Z"
  },
  {
    "id": 37,
    "semesterCode": "FX1772886249270",
    "semesterName": "Fixture Semester 1772886249270",
    "startDate": "2026-06-01",
    "endDate": "2026-08-31",
    "isActive": false,
    "createdAt": "2026-03-07T12:24:09.296859Z",
    "updatedAt": "2026-03-07T12:24:09.296859Z"
  },
  {
    "id": 38,
    "semesterCode": "FX1772886303676",
    "semesterName": "Fixture Semester 1772886303676",
    "startDate": "2026-06-01",
    "endDate": "2026-08-31",
    "isActive": false,
    "createdAt": "2026-03-07T12:25:03.693674Z",
    "updatedAt": "2026-03-07T12:25:03.693674Z"
  },
  {
    "id": 39,
    "semesterCode": "FX1772886384920",
    "semesterName": "Fixture Semester 1772886384920",
    "startDate": "2026-06-01",
    "endDate": "2026-08-31",
    "isActive": false,
    "createdAt": "2026-03-07T12:26:24.934330Z",
    "updatedAt": "2026-03-07T12:26:24.934330Z"
  },
  {
    "id": 41,
    "semesterCode": "FX1772886734306",
    "semesterName": "Fixture Semester 1772886734306",
    "startDate": "2026-06-01",
    "endDate": "2026-08-31",
    "isActive": false,
    "createdAt": "2026-03-07T12:32:14.321487Z",
    "updatedAt": "2026-03-07T12:32:14.321487Z"
  },
  {
    "id": 40,
    "semesterCode": "FX1772886555071",
    "semesterName": "Fixture Semester 1772886555071",
    "startDate": "2026-06-01",
    "endDate": "2026-08-31",
    "isActive": false,
    "createdAt": "2026-03-07T12:29:15.099095Z",
    "updatedAt": "2026-03-07T12:32:17.892181Z"
  },
  {
    "id": 42,
    "semesterCode": "FX1772887631367",
    "semesterName": "Fixture Semester 1772887631367",
    "startDate": "2026-06-01",
    "endDate": "2026-08-31",
    "isActive": false,
    "createdAt": "2026-03-07T12:47:11.394256Z",
    "updatedAt": "2026-03-07T12:47:11.394256Z"
  },
  {
    "id": 43,
    "semesterCode": "FX1772887652457",
    "semesterName": "Fixture Semester 1772887652457",
    "startDate": "2026-06-01",
    "endDate": "2026-08-31",
    "isActive": false,
    "createdAt": "2026-03-07T12:47:32.475346Z",
    "updatedAt": "2026-03-07T12:47:32.475347Z"
  },
  {
    "id": 44,
    "semesterCode": "FX1772887814180",
    "semesterName": "Fixture Semester 1772887814180",
    "startDate": "2026-06-01",
    "endDate": "2026-08-31",
    "isActive": false,
    "createdAt": "2026-03-07T12:50:14.195526Z",
    "updatedAt": "2026-03-07T12:50:14.195527Z"
  },
  {
    "id": 45,
    "semesterCode": "FX1772888038123",
    "semesterName": "Fixture Semester 1772888038123",
    "startDate": "2026-06-01",
    "endDate": "2026-08-31",
    "isActive": false,
    "createdAt": "2026-03-07T12:53:58.147890Z",
    "updatedAt": "2026-03-07T12:53:58.147891Z"
  },
  {
    "id": 46,
    "semesterCode": "FX1772888185482",
    "semesterName": "Fixture Semester 1772888185482",
    "startDate": "2026-06-01",
    "endDate": "2026-08-31",
    "isActive": false,
    "createdAt": "2026-03-07T12:56:25.495888Z",
    "updatedAt": "2026-03-07T12:56:25.495888Z"
  },
  {
    "id": 47,
    "semesterCode": "FX1772889683182",
    "semesterName": "Fixture Semester 1772889683182",
    "startDate": "2026-06-01",
    "endDate": "2026-08-31",
    "isActive": false,
    "createdAt": "2026-03-07T13:21:23.426084Z",
    "updatedAt": "2026-03-07T13:21:23.426086Z"
  },
  {
    "id": 48,
    "semesterCode": "FX1772889991863",
    "semesterName": "Fixture Semester 1772889991863",
    "startDate": "2026-06-01",
    "endDate": "2026-08-31",
    "isActive": false,
    "createdAt": "2026-03-07T13:26:32.105392Z",
    "updatedAt": "2026-03-07T13:26:32.105395Z"
  },
  {
    "id": 49,
    "semesterCode": "FXMANUAL1772890053934",
    "semesterName": "Manual Fixture",
    "startDate": "2026-06-01",
    "endDate": "2026-08-31",
    "isActive": false,
    "createdAt": "2026-03-07T13:27:33.966335Z",
    "updatedAt": "2026-03-07T13:27:33.966336Z"
  },
  {
    "id": 50,
    "semesterCode": "FX1772890073740",
    "semesterName": "Fixture Semester 1772890073740",
    "startDate": "2026-06-01",
    "endDate": "2026-08-31",
    "isActive": false,
    "createdAt": "2026-03-07T13:27:53.760250Z",
    "updatedAt": "2026-03-07T13:27:53.760251Z"
  },
  {
    "id": 52,
    "semesterCode": "FX1772890352382",
    "semesterName": "Fixture Semester 1772890352382",
    "startDate": "2026-06-01",
    "endDate": "2026-08-31",
    "isActive": false,
    "createdAt": "2026-03-07T13:32:32.399613Z",
    "updatedAt": "2026-03-07T13:32:32.399614Z"
  },
  {
    "id": 51,
    "semesterCode": "FX1772890086686",
    "semesterName": "Fixture Semester 1772890086686",
    "startDate": "2026-06-01",
    "endDate": "2026-08-31",
    "isActive": false,
    "createdAt": "2026-03-07T13:28:06.702129Z",
    "updatedAt": "2026-03-07T13:35:40.449268Z"
  },
  {
    "id": 54,
    "semesterCode": "FX1772890692287",
    "semesterName": "Fixture Semester 1772890692287",
    "startDate": "2026-06-01",
    "endDate": "2026-08-31",
    "isActive": false,
    "createdAt": "2026-03-07T13:38:12.301987Z",
    "updatedAt": "2026-03-07T13:38:12.301987Z"
  },
  {
    "id": 53,
    "semesterCode": "FX1772890536810",
    "semesterName": "Fixture Semester 1772890536810",
    "startDate": "2026-06-01",
    "endDate": "2026-08-31",
    "isActive": false,
    "createdAt": "2026-03-07T13:35:36.827071Z",
    "updatedAt": "2026-03-07T13:41:05.817567Z"
  },
  {
    "id": 56,
    "semesterCode": "FX1772891702769",
    "semesterName": "Fixture Semester 1772891702769",
    "startDate": "2026-06-01",
    "endDate": "2026-08-31",
    "isActive": false,
    "createdAt": "2026-03-07T13:55:03.761074Z",
    "updatedAt": "2026-03-07T13:55:03.761077Z"
  },
  {
    "id": 55,
    "semesterCode": "FX1772890862667",
    "semesterName": "Fixture Semester 1772890862668",
    "startDate": "2026-06-01",
    "endDate": "2026-08-31",
    "isActive": false,
    "createdAt": "2026-03-07T13:41:02.682801Z",
    "updatedAt": "2026-03-07T13:58:44.180761Z"
  },
  {
    "id": 58,
    "semesterCode": "FX1772892232229",
    "semesterName": "Fixture Semester 1772892232229",
    "startDate": "2026-06-01",
    "endDate": "2026-08-31",
    "isActive": false,
    "createdAt": "2026-03-07T14:03:52.256194Z",
    "updatedAt": "2026-03-07T14:03:52.256194Z"
  },
  {
    "id": 57,
    "semesterCode": "FX1772891911283",
    "semesterName": "Fixture Semester 1772891911283",
    "startDate": "2026-06-01",
    "endDate": "2026-08-31",
    "isActive": false,
    "createdAt": "2026-03-07T13:58:31.303622Z",
    "updatedAt": "2026-03-07T14:05:19.371918Z"
  },
  {
    "id": 60,
    "semesterCode": "FX1772892487628",
    "semesterName": "Fixture Semester 1772892487628",
    "startDate": "2026-06-01",
    "endDate": "2026-08-31",
    "isActive": false,
    "createdAt": "2026-03-07T14:08:07.661219Z",
    "updatedAt": "2026-03-07T14:08:07.661220Z"
  },
  {
    "id": 61,
    "semesterCode": "FX1772892522315",
    "semesterName": "Fixture Semester 1772892522315",
    "startDate": "2026-06-01",
    "endDate": "2026-08-31",
    "isActive": false,
    "createdAt": "2026-03-07T14:08:42.342759Z",
    "updatedAt": "2026-03-07T14:08:42.342759Z"
  },
  {
    "id": 62,
    "semesterCode": "FX1772892556322",
    "semesterName": "Fixture Semester 1772892556322",
    "startDate": "2026-06-01",
    "endDate": "2026-08-31",
    "isActive": false,
    "createdAt": "2026-03-07T14:09:16.362985Z",
    "updatedAt": "2026-03-07T14:09:16.362985Z"
  },
  {
    "id": 63,
    "semesterCode": "FX1772892622066",
    "semesterName": "Fixture Semester 1772892622066",
    "startDate": "2026-06-01",
    "endDate": "2026-08-31",
    "isActive": false,
    "createdAt": "2026-03-07T14:10:22.083726Z",
    "updatedAt": "2026-03-07T14:10:22.083726Z"
  },
  {
    "id": 64,
    "semesterCode": "FX1772892671955",
    "semesterName": "Fixture Semester 1772892671955",
    "startDate": "2026-06-01",
    "endDate": "2026-08-31",
    "isActive": false,
    "createdAt": "2026-03-07T14:11:11.973879Z",
    "updatedAt": "2026-03-07T14:11:11.973879Z"
  },
  {
    "id": 59,
    "semesterCode": "FX1772892314740",
    "semesterName": "Fixture Semester 1772892314740",
    "startDate": "2026-06-01",
    "endDate": "2026-08-31",
    "isActive": false,
    "createdAt": "2026-03-07T14:05:14.766786Z",
    "updatedAt": "2026-03-07T14:11:44.984640Z"
  },
  {
    "id": 65,
    "semesterCode": "FX1772892701888",
    "semesterName": "Fixture Semester 1772892701888",
    "startDate": "2026-06-01",
    "endDate": "2026-08-31",
    "isActive": false,
    "createdAt": "2026-03-07T14:11:41.912663Z",
    "updatedAt": "2026-03-07T14:14:16.697515Z"
  },
  {
    "id": 66,
    "semesterCode": "FX1772892853195",
    "semesterName": "Fixture Semester 1772892853195",
    "startDate": "2026-06-01",
    "endDate": "2026-08-31",
    "isActive": false,
    "createdAt": "2026-03-07T14:14:13.213533Z",
    "updatedAt": "2026-03-07T14:17:28.296564Z"
  },
  {
    "id": 67,
    "semesterCode": "FX1772893045331",
    "semesterName": "Fixture Semester 1772893045331",
    "startDate": "2026-06-01",
    "endDate": "2026-08-31",
    "isActive": false,
    "createdAt": "2026-03-07T14:17:25.359551Z",
    "updatedAt": "2026-03-07T14:48:40.428481Z"
  },
  {
    "id": 72,
    "semesterCode": "FX1772896198011",
    "semesterName": "Fixture Semester 1772896198011",
    "startDate": "2026-06-01",
    "endDate": "2026-08-31",
    "isActive": false,
    "createdAt": "2026-03-07T15:09:58.022849Z",
    "updatedAt": "2026-03-07T15:13:27.334038Z"
  },
  {
    "id": 74,
    "semesterCode": "FX1772897250118",
    "semesterName": "Fixture Semester 1772897250118",
    "startDate": "2026-06-01",
    "endDate": "2026-08-31",
    "isActive": false,
    "createdAt": "2026-03-07T15:27:30.136271Z",
    "updatedAt": "2026-03-07T15:31:19.191923Z"
  },
  {
    "id": 75,
    "semesterCode": "FX1772897477126",
    "semesterName": "Fixture Semester 1772897477126",
    "startDate": "2026-06-01",
    "endDate": "2026-08-31",
    "isActive": false,
    "createdAt": "2026-03-07T15:31:17.137257Z",
    "updatedAt": "2026-03-07T15:36:45.240470Z"
  },
  {
    "id": 76,
    "semesterCode": "FX1772897803419",
    "semesterName": "Fixture Semester 1772897803419",
    "startDate": "2026-06-01",
    "endDate": "2026-08-31",
    "isActive": false,
    "createdAt": "2026-03-07T15:36:43.436951Z",
    "updatedAt": "2026-03-07T15:39:40.825518Z"
  },
  {
    "id": 73,
    "semesterCode": "FX1772896405058",
    "semesterName": "Fixture Semester 1772896405058",
    "startDate": "2026-06-01",
    "endDate": "2026-08-31",
    "isActive": false,
    "createdAt": "2026-03-07T15:13:25.070135Z",
    "updatedAt": "2026-03-07T15:27:32.053493Z"
  },
  {
    "id": 3,
    "semesterCode": "AUTO1772871527",
    "semesterName": "Auto Semester",
    "startDate": "2026-06-01",
    "endDate": "2026-08-31",
    "isActive": false,
    "createdAt": "2026-03-07T08:18:47.854630Z",
    "updatedAt": "2026-03-07T08:31:09.939312Z"
  },
  {
    "id": 4,
    "semesterCode": "AUTO1772872269",
    "semesterName": "Auto Semester",
    "startDate": "2026-06-01",
    "endDate": "2026-08-31",
    "isActive": false,
    "createdAt": "2026-03-07T08:31:09.861150Z",
    "updatedAt": "2026-03-07T08:31:25.861220Z"
  },
  {
    "id": 5,
    "semesterCode": "AUTO1772872285",
    "semesterName": "Auto Semester",
    "startDate": "2026-06-01",
    "endDate": "2026-08-31",
    "isActive": false,
    "createdAt": "2026-03-07T08:31:25.839676Z",
    "updatedAt": "2026-03-07T08:31:36.907869Z"
  },
  {
    "id": 6,
    "semesterCode": "AUTO1772872296",
    "semesterName": "Auto Semester",
    "startDate": "2026-06-01",
    "endDate": "2026-08-31",
    "isActive": false,
    "createdAt": "2026-03-07T08:31:36.882565Z",
    "updatedAt": "2026-03-07T08:34:48.795051Z"
  },
  {
    "id": 7,
    "semesterCode": "AUTO1772872488",
    "semesterName": "Auto Semester",
    "startDate": "2026-06-01",
    "endDate": "2026-08-31",
    "isActive": false,
    "createdAt": "2026-03-07T08:34:48.667190Z",
    "updatedAt": "2026-03-07T08:38:08.302477Z"
  },
  {
    "id": 8,
    "semesterCode": "AUTO1772872687",
    "semesterName": "Auto Semester",
    "startDate": "2026-06-01",
    "endDate": "2026-08-31",
    "isActive": false,
    "createdAt": "2026-03-07T08:38:08.121078Z",
    "updatedAt": "2026-03-07T08:38:26.841887Z"
  },
  {
    "id": 85,
    "semesterCode": "AX1772901713",
    "semesterName": "Audit Semester",
    "startDate": "2026-06-01",
    "endDate": "2026-08-31",
    "isActive": false,
    "createdAt": "2026-03-07T16:41:53.632134Z",
    "updatedAt": "2026-03-07T16:41:53.632134Z"
  },
  {
    "id": 77,
    "semesterCode": "FX1772897978813",
    "semesterName": "Updated Generated Semester",
    "startDate": "2026-01-20",
    "endDate": "2026-06-05",
    "isActive": false,
    "createdAt": "2026-03-07T15:39:38.826787Z",
    "updatedAt": "2026-03-07T15:42:04.949884Z"
  },
  {
    "id": 80,
    "semesterCode": "FX1772898349883",
    "semesterName": "Updated Generated Semester",
    "startDate": "2026-01-20",
    "endDate": "2026-06-05",
    "isActive": false,
    "createdAt": "2026-03-07T15:45:49.896805Z",
    "updatedAt": "2026-03-07T15:49:43.552221Z"
  },
  {
    "id": 79,
    "semesterCode": "FX1772898123185",
    "semesterName": "Updated Generated Semester",
    "startDate": "2026-01-20",
    "endDate": "2026-06-05",
    "isActive": false,
    "createdAt": "2026-03-07T15:42:03.196849Z",
    "updatedAt": "2026-03-07T15:45:51.929600Z"
  },
  {
    "id": 83,
    "semesterCode": "FX1772899620844",
    "semesterName": "Updated Generated Semester",
    "startDate": "2026-01-20",
    "endDate": "2026-06-05",
    "isActive": false,
    "createdAt": "2026-03-07T16:07:00.865157Z",
    "updatedAt": "2026-03-07T16:14:27.334925Z"
  },
  {
    "id": 86,
    "semesterCode": "QA-2026-S1",
    "semesterName": "Updated Generated Semester",
    "startDate": "2026-01-20",
    "endDate": "2026-06-05",
    "isActive": true,
    "createdAt": "2026-03-07T17:11:37.976218Z",
    "updatedAt": "2026-03-08T05:58:29.330124Z"
  },
  {
    "id": 84,
    "semesterCode": "FX1772900064060",
    "semesterName": "Updated Generated Semester",
    "startDate": "2026-01-20",
    "endDate": "2026-06-05",
    "isActive": false,
    "createdAt": "2026-03-07T16:14:24.074655Z",
    "updatedAt": "2026-03-07T17:20:30.210375Z"
  },
  {
    "id": 81,
    "semesterCode": "SEM-1772898343216",
    "semesterName": "Generated Semester",
    "startDate": "2026-01-15",
    "endDate": "2026-05-30",
    "isActive": false,
    "createdAt": "2026-03-07T15:45:51.730479Z",
    "updatedAt": "2026-03-07T15:45:51.730479Z"
  },
  {
    "id": 78,
    "semesterCode": "SEM-1772897969124",
    "semesterName": "Generated Semester",
    "startDate": "2026-01-15",
    "endDate": "2026-05-30",
    "isActive": false,
    "createdAt": "2026-03-07T15:39:40.589394Z",
    "updatedAt": "2026-03-07T15:39:40.589394Z"
  },
  {
    "id": 1,
    "semesterCode": "SPRING2025",
    "semesterName": "Spring Semester 2025",
    "startDate": "2025-01-01",
    "endDate": "2025-05-31",
    "isActive": false,
    "createdAt": "2026-03-05T16:57:12.442938Z",
    "updatedAt": "2026-03-08T05:58:29.330158Z"
  },
  {
    "id": 2,
    "semesterCode": "FALL2024",
    "semesterName": "Fall Semester 2024",
    "startDate": "2024-09-01",
    "endDate": "2024-12-31",
    "isActive": false,
    "createdAt": "2026-03-05T16:57:12.442938Z",
    "updatedAt": "2026-03-05T16:57:12.442938Z"
  },
  {
    "id": 82,
    "semesterCode": "FX1772898581060",
    "semesterName": "W=ÜåÈ䮋",
    "startDate": "2021-08-21",
    "endDate": "2171-10-16",
    "isActive": false,
    "createdAt": "2026-03-07T15:49:41.088222Z",
    "updatedAt": "2026-03-07T16:07:04.557363Z"
  },
  {
    "id": 69,
    "semesterCode": "false",
    "semesterName": "0",
    "startDate": "2000-01-01",
    "endDate": "2000-01-01",
    "isActive": false,
    "createdAt": "2026-03-07T15:06:54.850549Z",
    "updatedAt": "2026-03-07T15:06:54.850549Z"
  },
  {
    "id": 70,
    "semesterCode": "00",
    "semesterName": "0",
    "startDate": "2000-01-01",
    "endDate": "2000-01-01",
    "isActive": false,
    "createdAt": "2026-03-07T15:06:54.989149Z",
    "updatedAt": "2026-03-07T15:06:54.989149Z"
  },
  {
    "id": 68,
    "semesterCode": "0",
    "semesterName": "0",
    "startDate": "1970-01-01",
    "endDate": "2000-01-01",
    "isActive": false,
    "createdAt": "2026-03-07T14:57:36.310858Z",
    "updatedAt": "2026-03-07T14:57:36.310862Z"
  },
  {
    "id": 90,
    "semesterCode": "񴣷ß$",
    "semesterName": "𥍾A",
    "startDate": "0497-07-25",
    "endDate": "4247-05-05",
    "isActive": false,
    "createdAt": "2026-03-08T03:56:27.317663Z",
    "updatedAt": "2026-03-08T03:56:27.317663Z"
  },
  {
    "id": 88,
    "semesterCode": "\u001eZ",
    "semesterName": "󬨌®񂙽¾",
    "startDate": "0262-01-18",
    "endDate": "9940-08-26",
    "isActive": false,
    "createdAt": "2026-03-08T03:52:35.902016Z",
    "updatedAt": "2026-03-08T03:52:35.902016Z"
  }
]
[x] resolve fixture semester

---------------------

=== Create fixture group ===

POST http://localhost:9080/api/groups
accept-encoding: gzip, deflate, br
accept: */*
authorization: Bearer eyJ0eXAiOiJKV1QiLCJraWQiOiJpZGVudGl0eS1sb2NhbC0xIiwiYWxnIjoiUlMyNTYifQ.eyJqdGkiOiI0ZjQ0MWMwMy0wZDM0LTQzOGEtYjhkNC0yYzk4ZmRmYzMyMmYiLCJpc3MiOiJpZGVudGl0eS1zZXJ2aWNlIiwiYXVkIjpbImFwaS1nYXRld2F5Il0sInN1YiI6IjQiLCJlbWFpbCI6ImFkbWluQHNhbXQubG9jYWwiLCJyb2xlcyI6WyJBRE1JTiJdLCJ0b2tlbl90eXBlIjoiQUNDRVNTIiwiaWF0IjoxNzcyOTQ5NzE1LCJleHAiOjE3NzI5NTA2MTV9.LYjEGXfX7OfQL4MF33rrjlS8bSzsKdt36rz7UzBzCoDdUdydvt6x8PmiseR5qR-k-npWi1kIvBmNvVOApb0Iwu5GfqytkBTgC44KABUkARQjUGo1f9OFLqTFQwkvHRC2YxxoTGfaHIBrqB9WXVa1erp4LK1YzBczPuPd7CC6HC4RTatbUQIZHStpmIcAUtMCzrx3I1_KUnzdP8JxwOxbwrphYUCu2zsAvQcQvnVBuS10dTNlypnZPJNWlG8t9qGFpmvHFdoQ-2ePXpoDPbOtwISEn3o4L4qOa8nVeF3n3QevhGb0GYXZLeO8phL9LTJqiG3J51fRuOHbQjHG0OF5cw
content-length: 75
content-type: application/json
user-agent: httpyac

{
  "groupName": "SE2601-G1",
  "semesterId": 86,
  "lecturerId": 235
}
HTTP/1.1 409  - Conflict
cache-control: no-cache, no-store, max-age=0, must-revalidate
content-type: application/json
date: Sun, 08 Mar 2026 06:01:56 GMT
expires: 0
pragma: no-cache
referrer-policy: no-referrer
transfer-encoding: chunked
vary: Origin, Access-Control-Request-Method, Access-Control-Request-Headers
x-content-type-options: nosniff
x-frame-options: DENY
x-ratelimit-burst-capacity: 200
x-ratelimit-remaining: 197
x-ratelimit-replenish-rate: 100
x-ratelimit-requested-tokens: 1
x-xss-protection: 0

{
  "statusCode": 409,
  "error": "Conflict",
  "message": "Group name SE2601-G1 already exists in semester 86",
  "timestamp": "2026-03-08T06:01:56.440202589Z",
  "errors": null
}
[x] create fixture group

---------------------

=== Resolve fixture group ===

GET http://localhost:9080/api/groups?page=0&size=200&semesterId=86
accept-encoding: gzip, deflate, br
accept: */*
authorization: Bearer eyJ0eXAiOiJKV1QiLCJraWQiOiJpZGVudGl0eS1sb2NhbC0xIiwiYWxnIjoiUlMyNTYifQ.eyJqdGkiOiI0ZjQ0MWMwMy0wZDM0LTQzOGEtYjhkNC0yYzk4ZmRmYzMyMmYiLCJpc3MiOiJpZGVudGl0eS1zZXJ2aWNlIiwiYXVkIjpbImFwaS1nYXRld2F5Il0sInN1YiI6IjQiLCJlbWFpbCI6ImFkbWluQHNhbXQubG9jYWwiLCJyb2xlcyI6WyJBRE1JTiJdLCJ0b2tlbl90eXBlIjoiQUNDRVNTIiwiaWF0IjoxNzcyOTQ5NzE1LCJleHAiOjE3NzI5NTA2MTV9.LYjEGXfX7OfQL4MF33rrjlS8bSzsKdt36rz7UzBzCoDdUdydvt6x8PmiseR5qR-k-npWi1kIvBmNvVOApb0Iwu5GfqytkBTgC44KABUkARQjUGo1f9OFLqTFQwkvHRC2YxxoTGfaHIBrqB9WXVa1erp4LK1YzBczPuPd7CC6HC4RTatbUQIZHStpmIcAUtMCzrx3I1_KUnzdP8JxwOxbwrphYUCu2zsAvQcQvnVBuS10dTNlypnZPJNWlG8t9qGFpmvHFdoQ-2ePXpoDPbOtwISEn3o4L4qOa8nVeF3n3QevhGb0GYXZLeO8phL9LTJqiG3J51fRuOHbQjHG0OF5cw
user-agent: httpyac
HTTP/1.1 200  - OK
cache-control: no-cache, no-store, max-age=0, must-revalidate
content-type: application/json
date: Sun, 08 Mar 2026 06:01:56 GMT
expires: 0
pragma: no-cache
referrer-policy: no-referrer
transfer-encoding: chunked
vary: Origin, Access-Control-Request-Method, Access-Control-Request-Headers
x-content-type-options: nosniff
x-frame-options: DENY
x-ratelimit-burst-capacity: 200
x-ratelimit-remaining: 196
x-ratelimit-replenish-rate: 100
x-ratelimit-requested-tokens: 1
x-xss-protection: 0

{
  "content": [
    {
      "id": 90,
      "groupName": "SE2601-G1",
      "semesterId": 86,
      "semesterCode": "QA-2026-S1",
      "lecturerName": "QA Lecturer",
      "memberCount": 27
    },
    {
      "id": 92,
      "groupName": "SE2601-G3",
      "semesterId": 86,
      "semesterCode": "QA-2026-S1",
      "lecturerName": "QA Lecturer",
      "memberCount": 0
    }
  ],
  "page": 0,
  "size": 200,
  "totalElements": 2,
  "totalPages": 1
}
[x] resolve fixture group

---------------------

=== Create empty group fixture ===

POST http://localhost:9080/api/groups
accept-encoding: gzip, deflate, br
accept: */*
authorization: Bearer eyJ0eXAiOiJKV1QiLCJraWQiOiJpZGVudGl0eS1sb2NhbC0xIiwiYWxnIjoiUlMyNTYifQ.eyJqdGkiOiI0ZjQ0MWMwMy0wZDM0LTQzOGEtYjhkNC0yYzk4ZmRmYzMyMmYiLCJpc3MiOiJpZGVudGl0eS1zZXJ2aWNlIiwiYXVkIjpbImFwaS1nYXRld2F5Il0sInN1YiI6IjQiLCJlbWFpbCI6ImFkbWluQHNhbXQubG9jYWwiLCJyb2xlcyI6WyJBRE1JTiJdLCJ0b2tlbl90eXBlIjoiQUNDRVNTIiwiaWF0IjoxNzcyOTQ5NzE1LCJleHAiOjE3NzI5NTA2MTV9.LYjEGXfX7OfQL4MF33rrjlS8bSzsKdt36rz7UzBzCoDdUdydvt6x8PmiseR5qR-k-npWi1kIvBmNvVOApb0Iwu5GfqytkBTgC44KABUkARQjUGo1f9OFLqTFQwkvHRC2YxxoTGfaHIBrqB9WXVa1erp4LK1YzBczPuPd7CC6HC4RTatbUQIZHStpmIcAUtMCzrx3I1_KUnzdP8JxwOxbwrphYUCu2zsAvQcQvnVBuS10dTNlypnZPJNWlG8t9qGFpmvHFdoQ-2ePXpoDPbOtwISEn3o4L4qOa8nVeF3n3QevhGb0GYXZLeO8phL9LTJqiG3J51fRuOHbQjHG0OF5cw
content-length: 75
content-type: application/json
user-agent: httpyac

{
  "groupName": "SE2601-G2",
  "semesterId": 86,
  "lecturerId": 235
}
HTTP/1.1 201  - Created
cache-control: no-cache, no-store, max-age=0, must-revalidate
content-type: application/json
date: Sun, 08 Mar 2026 06:01:56 GMT
expires: 0
pragma: no-cache
referrer-policy: no-referrer
transfer-encoding: chunked
vary: Origin, Access-Control-Request-Method, Access-Control-Request-Headers
x-content-type-options: nosniff
x-frame-options: DENY
x-ratelimit-burst-capacity: 200
x-ratelimit-remaining: 195
x-ratelimit-replenish-rate: 100
x-ratelimit-requested-tokens: 1
x-xss-protection: 0

{
  "id": 112,
  "groupName": "SE2601-G2",
  "semesterId": 86,
  "semesterCode": "QA-2026-S1",
  "lecturerId": 235,
  "lecturerName": "QA Lecturer"
}
[x] create empty group fixture

---------------------

=== Resolve empty group fixture ===

GET http://localhost:9080/api/groups?page=0&size=200&semesterId=86
accept-encoding: gzip, deflate, br
accept: */*
authorization: Bearer eyJ0eXAiOiJKV1QiLCJraWQiOiJpZGVudGl0eS1sb2NhbC0xIiwiYWxnIjoiUlMyNTYifQ.eyJqdGkiOiI0ZjQ0MWMwMy0wZDM0LTQzOGEtYjhkNC0yYzk4ZmRmYzMyMmYiLCJpc3MiOiJpZGVudGl0eS1zZXJ2aWNlIiwiYXVkIjpbImFwaS1nYXRld2F5Il0sInN1YiI6IjQiLCJlbWFpbCI6ImFkbWluQHNhbXQubG9jYWwiLCJyb2xlcyI6WyJBRE1JTiJdLCJ0b2tlbl90eXBlIjoiQUNDRVNTIiwiaWF0IjoxNzcyOTQ5NzE1LCJleHAiOjE3NzI5NTA2MTV9.LYjEGXfX7OfQL4MF33rrjlS8bSzsKdt36rz7UzBzCoDdUdydvt6x8PmiseR5qR-k-npWi1kIvBmNvVOApb0Iwu5GfqytkBTgC44KABUkARQjUGo1f9OFLqTFQwkvHRC2YxxoTGfaHIBrqB9WXVa1erp4LK1YzBczPuPd7CC6HC4RTatbUQIZHStpmIcAUtMCzrx3I1_KUnzdP8JxwOxbwrphYUCu2zsAvQcQvnVBuS10dTNlypnZPJNWlG8t9qGFpmvHFdoQ-2ePXpoDPbOtwISEn3o4L4qOa8nVeF3n3QevhGb0GYXZLeO8phL9LTJqiG3J51fRuOHbQjHG0OF5cw
user-agent: httpyac
HTTP/1.1 200  - OK
cache-control: no-cache, no-store, max-age=0, must-revalidate
content-type: application/json
date: Sun, 08 Mar 2026 06:01:56 GMT
expires: 0
pragma: no-cache
referrer-policy: no-referrer
transfer-encoding: chunked
vary: Origin, Access-Control-Request-Method, Access-Control-Request-Headers
x-content-type-options: nosniff
x-frame-options: DENY
x-ratelimit-burst-capacity: 200
x-ratelimit-remaining: 194
x-ratelimit-replenish-rate: 100
x-ratelimit-requested-tokens: 1
x-xss-protection: 0

{
  "content": [
    {
      "id": 90,
      "groupName": "SE2601-G1",
      "semesterId": 86,
      "semesterCode": "QA-2026-S1",
      "lecturerName": "QA Lecturer",
      "memberCount": 27
    },
    {
      "id": 112,
      "groupName": "SE2601-G2",
      "semesterId": 86,
      "semesterCode": "QA-2026-S1",
      "lecturerName": "QA Lecturer",
      "memberCount": 0
    },
    {
      "id": 92,
      "groupName": "SE2601-G3",
      "semesterId": 86,
      "semesterCode": "QA-2026-S1",
      "lecturerName": "QA Lecturer",
      "memberCount": 0
    }
  ],
  "page": 0,
  "size": 200,
  "totalElements": 3,
  "totalPages": 1
}
[x] resolve empty group fixture

---------------------

=== Create deletable config group fixture ===

POST http://localhost:9080/api/groups
accept-encoding: gzip, deflate, br
accept: */*
authorization: Bearer eyJ0eXAiOiJKV1QiLCJraWQiOiJpZGVudGl0eS1sb2NhbC0xIiwiYWxnIjoiUlMyNTYifQ.eyJqdGkiOiI0ZjQ0MWMwMy0wZDM0LTQzOGEtYjhkNC0yYzk4ZmRmYzMyMmYiLCJpc3MiOiJpZGVudGl0eS1zZXJ2aWNlIiwiYXVkIjpbImFwaS1nYXRld2F5Il0sInN1YiI6IjQiLCJlbWFpbCI6ImFkbWluQHNhbXQubG9jYWwiLCJyb2xlcyI6WyJBRE1JTiJdLCJ0b2tlbl90eXBlIjoiQUNDRVNTIiwiaWF0IjoxNzcyOTQ5NzE1LCJleHAiOjE3NzI5NTA2MTV9.LYjEGXfX7OfQL4MF33rrjlS8bSzsKdt36rz7UzBzCoDdUdydvt6x8PmiseR5qR-k-npWi1kIvBmNvVOApb0Iwu5GfqytkBTgC44KABUkARQjUGo1f9OFLqTFQwkvHRC2YxxoTGfaHIBrqB9WXVa1erp4LK1YzBczPuPd7CC6HC4RTatbUQIZHStpmIcAUtMCzrx3I1_KUnzdP8JxwOxbwrphYUCu2zsAvQcQvnVBuS10dTNlypnZPJNWlG8t9qGFpmvHFdoQ-2ePXpoDPbOtwISEn3o4L4qOa8nVeF3n3QevhGb0GYXZLeO8phL9LTJqiG3J51fRuOHbQjHG0OF5cw
content-length: 75
content-type: application/json
user-agent: httpyac

{
  "groupName": "SE2601-G3",
  "semesterId": 86,
  "lecturerId": 235
}
HTTP/1.1 409  - Conflict
cache-control: no-cache, no-store, max-age=0, must-revalidate
content-type: application/json
date: Sun, 08 Mar 2026 06:01:56 GMT
expires: 0
pragma: no-cache
referrer-policy: no-referrer
transfer-encoding: chunked
vary: Origin, Access-Control-Request-Method, Access-Control-Request-Headers
x-content-type-options: nosniff
x-frame-options: DENY
x-ratelimit-burst-capacity: 200
x-ratelimit-remaining: 193
x-ratelimit-replenish-rate: 100
x-ratelimit-requested-tokens: 1
x-xss-protection: 0

{
  "statusCode": 409,
  "error": "Conflict",
  "message": "Group name SE2601-G3 already exists in semester 86",
  "timestamp": "2026-03-08T06:01:56.504334463Z",
  "errors": null
}
[x] create deletable config group fixture

---------------------

=== Resolve deletable config group fixture ===

GET http://localhost:9080/api/groups?page=0&size=200&semesterId=86
accept-encoding: gzip, deflate, br
accept: */*
authorization: Bearer eyJ0eXAiOiJKV1QiLCJraWQiOiJpZGVudGl0eS1sb2NhbC0xIiwiYWxnIjoiUlMyNTYifQ.eyJqdGkiOiI0ZjQ0MWMwMy0wZDM0LTQzOGEtYjhkNC0yYzk4ZmRmYzMyMmYiLCJpc3MiOiJpZGVudGl0eS1zZXJ2aWNlIiwiYXVkIjpbImFwaS1nYXRld2F5Il0sInN1YiI6IjQiLCJlbWFpbCI6ImFkbWluQHNhbXQubG9jYWwiLCJyb2xlcyI6WyJBRE1JTiJdLCJ0b2tlbl90eXBlIjoiQUNDRVNTIiwiaWF0IjoxNzcyOTQ5NzE1LCJleHAiOjE3NzI5NTA2MTV9.LYjEGXfX7OfQL4MF33rrjlS8bSzsKdt36rz7UzBzCoDdUdydvt6x8PmiseR5qR-k-npWi1kIvBmNvVOApb0Iwu5GfqytkBTgC44KABUkARQjUGo1f9OFLqTFQwkvHRC2YxxoTGfaHIBrqB9WXVa1erp4LK1YzBczPuPd7CC6HC4RTatbUQIZHStpmIcAUtMCzrx3I1_KUnzdP8JxwOxbwrphYUCu2zsAvQcQvnVBuS10dTNlypnZPJNWlG8t9qGFpmvHFdoQ-2ePXpoDPbOtwISEn3o4L4qOa8nVeF3n3QevhGb0GYXZLeO8phL9LTJqiG3J51fRuOHbQjHG0OF5cw
user-agent: httpyac
HTTP/1.1 200  - OK
cache-control: no-cache, no-store, max-age=0, must-revalidate
content-type: application/json
date: Sun, 08 Mar 2026 06:01:56 GMT
expires: 0
pragma: no-cache
referrer-policy: no-referrer
transfer-encoding: chunked
vary: Origin, Access-Control-Request-Method, Access-Control-Request-Headers
x-content-type-options: nosniff
x-frame-options: DENY
x-ratelimit-burst-capacity: 200
x-ratelimit-remaining: 192
x-ratelimit-replenish-rate: 100
x-ratelimit-requested-tokens: 1
x-xss-protection: 0

{
  "content": [
    {
      "id": 90,
      "groupName": "SE2601-G1",
      "semesterId": 86,
      "semesterCode": "QA-2026-S1",
      "lecturerName": "QA Lecturer",
      "memberCount": 27
    },
    {
      "id": 112,
      "groupName": "SE2601-G2",
      "semesterId": 86,
      "semesterCode": "QA-2026-S1",
      "lecturerName": "QA Lecturer",
      "memberCount": 0
    },
    {
      "id": 92,
      "groupName": "SE2601-G3",
      "semesterId": 86,
      "semesterCode": "QA-2026-S1",
      "lecturerName": "QA Lecturer",
      "memberCount": 0
    }
  ],
  "page": 0,
  "size": 200,
  "totalElements": 3,
  "totalPages": 1
}
[x] resolve deletable config group fixture

---------------------

=== Add qa student to group ===

POST http://localhost:9080/api/groups/90/members
accept-encoding: gzip, deflate, br
accept: */*
authorization: Bearer eyJ0eXAiOiJKV1QiLCJraWQiOiJpZGVudGl0eS1sb2NhbC0xIiwiYWxnIjoiUlMyNTYifQ.eyJqdGkiOiI0ZjQ0MWMwMy0wZDM0LTQzOGEtYjhkNC0yYzk4ZmRmYzMyMmYiLCJpc3MiOiJpZGVudGl0eS1zZXJ2aWNlIiwiYXVkIjpbImFwaS1nYXRld2F5Il0sInN1YiI6IjQiLCJlbWFpbCI6ImFkbWluQHNhbXQubG9jYWwiLCJyb2xlcyI6WyJBRE1JTiJdLCJ0b2tlbl90eXBlIjoiQUNDRVNTIiwiaWF0IjoxNzcyOTQ5NzE1LCJleHAiOjE3NzI5NTA2MTV9.LYjEGXfX7OfQL4MF33rrjlS8bSzsKdt36rz7UzBzCoDdUdydvt6x8PmiseR5qR-k-npWi1kIvBmNvVOApb0Iwu5GfqytkBTgC44KABUkARQjUGo1f9OFLqTFQwkvHRC2YxxoTGfaHIBrqB9WXVa1erp4LK1YzBczPuPd7CC6HC4RTatbUQIZHStpmIcAUtMCzrx3I1_KUnzdP8JxwOxbwrphYUCu2zsAvQcQvnVBuS10dTNlypnZPJNWlG8t9qGFpmvHFdoQ-2ePXpoDPbOtwISEn3o4L4qOa8nVeF3n3QevhGb0GYXZLeO8phL9LTJqiG3J51fRuOHbQjHG0OF5cw
content-length: 21
content-type: application/json
user-agent: httpyac

{
  "userId": 236
}
HTTP/1.1 409  - Conflict
cache-control: no-cache, no-store, max-age=0, must-revalidate
content-type: application/json
date: Sun, 08 Mar 2026 06:01:56 GMT
expires: 0
pragma: no-cache
referrer-policy: no-referrer
transfer-encoding: chunked
vary: Origin, Access-Control-Request-Method, Access-Control-Request-Headers
x-content-type-options: nosniff
x-frame-options: DENY
x-ratelimit-burst-capacity: 200
x-ratelimit-remaining: 191
x-ratelimit-replenish-rate: 100
x-ratelimit-requested-tokens: 1
x-xss-protection: 0

{
  "statusCode": 409,
  "error": "Conflict",
  "message": "Request conflicts with existing or missing related data",
  "timestamp": "2026-03-08T06:01:56.536974713Z",
  "errors": null
}
[x] add fixture student

---------------------

=== Add qa student2 to group ===

POST http://localhost:9080/api/groups/90/members
accept-encoding: gzip, deflate, br
accept: */*
authorization: Bearer eyJ0eXAiOiJKV1QiLCJraWQiOiJpZGVudGl0eS1sb2NhbC0xIiwiYWxnIjoiUlMyNTYifQ.eyJqdGkiOiI0ZjQ0MWMwMy0wZDM0LTQzOGEtYjhkNC0yYzk4ZmRmYzMyMmYiLCJpc3MiOiJpZGVudGl0eS1zZXJ2aWNlIiwiYXVkIjpbImFwaS1nYXRld2F5Il0sInN1YiI6IjQiLCJlbWFpbCI6ImFkbWluQHNhbXQubG9jYWwiLCJyb2xlcyI6WyJBRE1JTiJdLCJ0b2tlbl90eXBlIjoiQUNDRVNTIiwiaWF0IjoxNzcyOTQ5NzE1LCJleHAiOjE3NzI5NTA2MTV9.LYjEGXfX7OfQL4MF33rrjlS8bSzsKdt36rz7UzBzCoDdUdydvt6x8PmiseR5qR-k-npWi1kIvBmNvVOApb0Iwu5GfqytkBTgC44KABUkARQjUGo1f9OFLqTFQwkvHRC2YxxoTGfaHIBrqB9WXVa1erp4LK1YzBczPuPd7CC6HC4RTatbUQIZHStpmIcAUtMCzrx3I1_KUnzdP8JxwOxbwrphYUCu2zsAvQcQvnVBuS10dTNlypnZPJNWlG8t9qGFpmvHFdoQ-2ePXpoDPbOtwISEn3o4L4qOa8nVeF3n3QevhGb0GYXZLeO8phL9LTJqiG3J51fRuOHbQjHG0OF5cw
content-length: 21
content-type: application/json
user-agent: httpyac

{
  "userId": 534
}
HTTP/1.1 201  - Created
cache-control: no-cache, no-store, max-age=0, must-revalidate
content-type: application/json
date: Sun, 08 Mar 2026 06:01:56 GMT
expires: 0
pragma: no-cache
referrer-policy: no-referrer
transfer-encoding: chunked
vary: Origin, Access-Control-Request-Method, Access-Control-Request-Headers
x-content-type-options: nosniff
x-frame-options: DENY
x-ratelimit-burst-capacity: 200
x-ratelimit-remaining: 190
x-ratelimit-replenish-rate: 100
x-ratelimit-requested-tokens: 1
x-xss-protection: 0

{
  "userId": 534,
  "groupId": 90,
  "semesterId": 86,
  "groupRole": "MEMBER",
  "joinedAt": "2026-03-08T06:01:56.551792136Z",
  "updatedAt": "2026-03-08T06:01:56.551792246Z"
}
[x] add fixture student2

---------------------

=== Ensure fixture group has a leader ===

PUT http://localhost:9080/api/groups/90/members/534/promote
accept-encoding: gzip, deflate, br
accept: */*
authorization: Bearer eyJ0eXAiOiJKV1QiLCJraWQiOiJpZGVudGl0eS1sb2NhbC0xIiwiYWxnIjoiUlMyNTYifQ.eyJqdGkiOiI0ZjQ0MWMwMy0wZDM0LTQzOGEtYjhkNC0yYzk4ZmRmYzMyMmYiLCJpc3MiOiJpZGVudGl0eS1zZXJ2aWNlIiwiYXVkIjpbImFwaS1nYXRld2F5Il0sInN1YiI6IjQiLCJlbWFpbCI6ImFkbWluQHNhbXQubG9jYWwiLCJyb2xlcyI6WyJBRE1JTiJdLCJ0b2tlbl90eXBlIjoiQUNDRVNTIiwiaWF0IjoxNzcyOTQ5NzE1LCJleHAiOjE3NzI5NTA2MTV9.LYjEGXfX7OfQL4MF33rrjlS8bSzsKdt36rz7UzBzCoDdUdydvt6x8PmiseR5qR-k-npWi1kIvBmNvVOApb0Iwu5GfqytkBTgC44KABUkARQjUGo1f9OFLqTFQwkvHRC2YxxoTGfaHIBrqB9WXVa1erp4LK1YzBczPuPd7CC6HC4RTatbUQIZHStpmIcAUtMCzrx3I1_KUnzdP8JxwOxbwrphYUCu2zsAvQcQvnVBuS10dTNlypnZPJNWlG8t9qGFpmvHFdoQ-2ePXpoDPbOtwISEn3o4L4qOa8nVeF3n3QevhGb0GYXZLeO8phL9LTJqiG3J51fRuOHbQjHG0OF5cw
content-length: 2
content-type: application/json
user-agent: httpyac

{}
HTTP/1.1 409  - Conflict
cache-control: no-cache, no-store, max-age=0, must-revalidate
content-type: application/json
date: Sun, 08 Mar 2026 06:01:56 GMT
expires: 0
pragma: no-cache
referrer-policy: no-referrer
transfer-encoding: chunked
vary: Origin, Access-Control-Request-Method, Access-Control-Request-Headers
x-content-type-options: nosniff
x-frame-options: DENY
x-ratelimit-burst-capacity: 200
x-ratelimit-remaining: 189
x-ratelimit-replenish-rate: 100
x-ratelimit-requested-tokens: 1
x-xss-protection: 0

{
  "statusCode": 409,
  "error": "Conflict",
  "message": "Request conflicts with existing or missing related data",
  "timestamp": "2026-03-08T06:01:56.566936143Z",
  "errors": null
}
[x] ensure fixture group leader

---------------------

=== Resolve existing lifecycle membership ===

GET http://localhost:9080/api/users/536/groups?semesterId=86
accept-encoding: gzip, deflate, br
accept: */*
authorization: Bearer eyJ0eXAiOiJKV1QiLCJraWQiOiJpZGVudGl0eS1sb2NhbC0xIiwiYWxnIjoiUlMyNTYifQ.eyJqdGkiOiI0ZjQ0MWMwMy0wZDM0LTQzOGEtYjhkNC0yYzk4ZmRmYzMyMmYiLCJpc3MiOiJpZGVudGl0eS1zZXJ2aWNlIiwiYXVkIjpbImFwaS1nYXRld2F5Il0sInN1YiI6IjQiLCJlbWFpbCI6ImFkbWluQHNhbXQubG9jYWwiLCJyb2xlcyI6WyJBRE1JTiJdLCJ0b2tlbl90eXBlIjoiQUNDRVNTIiwiaWF0IjoxNzcyOTQ5NzE1LCJleHAiOjE3NzI5NTA2MTV9.LYjEGXfX7OfQL4MF33rrjlS8bSzsKdt36rz7UzBzCoDdUdydvt6x8PmiseR5qR-k-npWi1kIvBmNvVOApb0Iwu5GfqytkBTgC44KABUkARQjUGo1f9OFLqTFQwkvHRC2YxxoTGfaHIBrqB9WXVa1erp4LK1YzBczPuPd7CC6HC4RTatbUQIZHStpmIcAUtMCzrx3I1_KUnzdP8JxwOxbwrphYUCu2zsAvQcQvnVBuS10dTNlypnZPJNWlG8t9qGFpmvHFdoQ-2ePXpoDPbOtwISEn3o4L4qOa8nVeF3n3QevhGb0GYXZLeO8phL9LTJqiG3J51fRuOHbQjHG0OF5cw
user-agent: httpyac
HTTP/1.1 200  - OK
cache-control: no-cache, no-store, max-age=0, must-revalidate
content-type: application/json
date: Sun, 08 Mar 2026 06:01:56 GMT
expires: 0
pragma: no-cache
referrer-policy: no-referrer
transfer-encoding: chunked
vary: Origin, Access-Control-Request-Method, Access-Control-Request-Headers
x-content-type-options: nosniff
x-frame-options: DENY
x-ratelimit-burst-capacity: 200
x-ratelimit-remaining: 188
x-ratelimit-replenish-rate: 100
x-ratelimit-requested-tokens: 1
x-xss-protection: 0

{
  "userId": 536,
  "groups": []
}
[x] resolve existing lifecycle membership

---------------------

=== Cleanup existing lifecycle membership ===

DELETE http://localhost:9080/api/groups/999999999/members/536
accept-encoding: gzip, deflate, br
accept: */*
authorization: Bearer eyJ0eXAiOiJKV1QiLCJraWQiOiJpZGVudGl0eS1sb2NhbC0xIiwiYWxnIjoiUlMyNTYifQ.eyJqdGkiOiI0ZjQ0MWMwMy0wZDM0LTQzOGEtYjhkNC0yYzk4ZmRmYzMyMmYiLCJpc3MiOiJpZGVudGl0eS1zZXJ2aWNlIiwiYXVkIjpbImFwaS1nYXRld2F5Il0sInN1YiI6IjQiLCJlbWFpbCI6ImFkbWluQHNhbXQubG9jYWwiLCJyb2xlcyI6WyJBRE1JTiJdLCJ0b2tlbl90eXBlIjoiQUNDRVNTIiwiaWF0IjoxNzcyOTQ5NzE1LCJleHAiOjE3NzI5NTA2MTV9.LYjEGXfX7OfQL4MF33rrjlS8bSzsKdt36rz7UzBzCoDdUdydvt6x8PmiseR5qR-k-npWi1kIvBmNvVOApb0Iwu5GfqytkBTgC44KABUkARQjUGo1f9OFLqTFQwkvHRC2YxxoTGfaHIBrqB9WXVa1erp4LK1YzBczPuPd7CC6HC4RTatbUQIZHStpmIcAUtMCzrx3I1_KUnzdP8JxwOxbwrphYUCu2zsAvQcQvnVBuS10dTNlypnZPJNWlG8t9qGFpmvHFdoQ-2ePXpoDPbOtwISEn3o4L4qOa8nVeF3n3QevhGb0GYXZLeO8phL9LTJqiG3J51fRuOHbQjHG0OF5cw
user-agent: httpyac
HTTP/1.1 404  - Not Found
cache-control: no-cache, no-store, max-age=0, must-revalidate
content-type: application/json
date: Sun, 08 Mar 2026 06:01:56 GMT
expires: 0
pragma: no-cache
referrer-policy: no-referrer
transfer-encoding: chunked
vary: Origin, Access-Control-Request-Method, Access-Control-Request-Headers
x-content-type-options: nosniff
x-frame-options: DENY
x-ratelimit-burst-capacity: 200
x-ratelimit-remaining: 187
x-ratelimit-replenish-rate: 100
x-ratelimit-requested-tokens: 1
x-xss-protection: 0

{
  "statusCode": 404,
  "error": "Not Found",
  "message": "Group with ID 999999999 not found",
  "timestamp": "2026-03-08T06:01:56.589916195Z",
  "errors": null
}
[x] cleanup existing lifecycle membership

---------------------

=== Cleanup stateful member from empty lifecycle group ===

DELETE http://localhost:9080/api/groups/112/members/536
accept-encoding: gzip, deflate, br
accept: */*
authorization: Bearer eyJ0eXAiOiJKV1QiLCJraWQiOiJpZGVudGl0eS1sb2NhbC0xIiwiYWxnIjoiUlMyNTYifQ.eyJqdGkiOiI0ZjQ0MWMwMy0wZDM0LTQzOGEtYjhkNC0yYzk4ZmRmYzMyMmYiLCJpc3MiOiJpZGVudGl0eS1zZXJ2aWNlIiwiYXVkIjpbImFwaS1nYXRld2F5Il0sInN1YiI6IjQiLCJlbWFpbCI6ImFkbWluQHNhbXQubG9jYWwiLCJyb2xlcyI6WyJBRE1JTiJdLCJ0b2tlbl90eXBlIjoiQUNDRVNTIiwiaWF0IjoxNzcyOTQ5NzE1LCJleHAiOjE3NzI5NTA2MTV9.LYjEGXfX7OfQL4MF33rrjlS8bSzsKdt36rz7UzBzCoDdUdydvt6x8PmiseR5qR-k-npWi1kIvBmNvVOApb0Iwu5GfqytkBTgC44KABUkARQjUGo1f9OFLqTFQwkvHRC2YxxoTGfaHIBrqB9WXVa1erp4LK1YzBczPuPd7CC6HC4RTatbUQIZHStpmIcAUtMCzrx3I1_KUnzdP8JxwOxbwrphYUCu2zsAvQcQvnVBuS10dTNlypnZPJNWlG8t9qGFpmvHFdoQ-2ePXpoDPbOtwISEn3o4L4qOa8nVeF3n3QevhGb0GYXZLeO8phL9LTJqiG3J51fRuOHbQjHG0OF5cw
user-agent: httpyac
HTTP/1.1 404  - Not Found
cache-control: no-cache, no-store, max-age=0, must-revalidate
content-type: application/json
date: Sun, 08 Mar 2026 06:01:56 GMT
expires: 0
pragma: no-cache
referrer-policy: no-referrer
transfer-encoding: chunked
vary: Origin, Access-Control-Request-Method, Access-Control-Request-Headers
x-content-type-options: nosniff
x-frame-options: DENY
x-ratelimit-burst-capacity: 200
x-ratelimit-remaining: 186
x-ratelimit-replenish-rate: 100
x-ratelimit-requested-tokens: 1
x-xss-protection: 0

{
  "statusCode": 404,
  "error": "Not Found",
  "message": "User 536 is not a member of group 112",
  "timestamp": "2026-03-08T06:01:56.600020573Z",
  "errors": null
}
[x] cleanup stateful member from empty lifecycle group

---------------------

=== Create fixture project config ===

POST http://localhost:9080/api/project-configs
accept-encoding: gzip, deflate, br
accept: */*
authorization: Bearer eyJ0eXAiOiJKV1QiLCJraWQiOiJpZGVudGl0eS1sb2NhbC0xIiwiYWxnIjoiUlMyNTYifQ.eyJqdGkiOiI0ZjQ0MWMwMy0wZDM0LTQzOGEtYjhkNC0yYzk4ZmRmYzMyMmYiLCJpc3MiOiJpZGVudGl0eS1zZXJ2aWNlIiwiYXVkIjpbImFwaS1nYXRld2F5Il0sInN1YiI6IjQiLCJlbWFpbCI6ImFkbWluQHNhbXQubG9jYWwiLCJyb2xlcyI6WyJBRE1JTiJdLCJ0b2tlbl90eXBlIjoiQUNDRVNTIiwiaWF0IjoxNzcyOTQ5NzE1LCJleHAiOjE3NzI5NTA2MTV9.LYjEGXfX7OfQL4MF33rrjlS8bSzsKdt36rz7UzBzCoDdUdydvt6x8PmiseR5qR-k-npWi1kIvBmNvVOApb0Iwu5GfqytkBTgC44KABUkARQjUGo1f9OFLqTFQwkvHRC2YxxoTGfaHIBrqB9WXVa1erp4LK1YzBczPuPd7CC6HC4RTatbUQIZHStpmIcAUtMCzrx3I1_KUnzdP8JxwOxbwrphYUCu2zsAvQcQvnVBuS10dTNlypnZPJNWlG8t9qGFpmvHFdoQ-2ePXpoDPbOtwISEn3o4L4qOa8nVeF3n3QevhGb0GYXZLeO8phL9LTJqiG3J51fRuOHbQjHG0OF5cw
content-length: 324
content-type: application/json
user-agent: httpyac

{
  "groupId": 90,
  "jiraHostUrl": "https://example.atlassian.net",
  "jiraApiToken": "ATATTAAAAAAAAAAAAAAAAAAAAAAAAAAAAAAAAAAAAAAAAAAAAAAAAAAAAAAAAAAAAAAAAAAAAAAAAAAAAAAAAAAAAAAAAAAAAAAA",
  "githubRepoUrl": "https://github.com/example-org/example-repo",
  "githubToken": "ghp_AAAAAAAAAAAAAAAAAAAAAAAAAAAAAAAAAAAA"
}
HTTP/1.1 409  - Conflict
cache-control: no-cache, no-store, max-age=0, must-revalidate
content-type: application/json
date: Sun, 08 Mar 2026 06:01:56 GMT
expires: 0
pragma: no-cache
referrer-policy: no-referrer
transfer-encoding: chunked
vary: Origin, Access-Control-Request-Method, Access-Control-Request-Headers
x-content-type-options: nosniff
x-frame-options: DENY
x-ratelimit-burst-capacity: 200
x-ratelimit-remaining: 199
x-ratelimit-replenish-rate: 100
x-ratelimit-requested-tokens: 1
x-request-id: 96bb9826-dac7-4445-b7b6-a517921d8501
x-xss-protection: 0

{
  "statusCode": 409,
  "error": "Conflict",
  "message": "Configuration already exists for group: 90",
  "details": null,
  "timestamp": "2026-03-08T06:01:56.620166294Z"
}
[x] create fixture project config

---------------------

=== Resolve fixture project config ===

GET http://localhost:9080/api/project-configs/group/90
accept-encoding: gzip, deflate, br
accept: */*
authorization: Bearer eyJ0eXAiOiJKV1QiLCJraWQiOiJpZGVudGl0eS1sb2NhbC0xIiwiYWxnIjoiUlMyNTYifQ.eyJqdGkiOiI0ZjQ0MWMwMy0wZDM0LTQzOGEtYjhkNC0yYzk4ZmRmYzMyMmYiLCJpc3MiOiJpZGVudGl0eS1zZXJ2aWNlIiwiYXVkIjpbImFwaS1nYXRld2F5Il0sInN1YiI6IjQiLCJlbWFpbCI6ImFkbWluQHNhbXQubG9jYWwiLCJyb2xlcyI6WyJBRE1JTiJdLCJ0b2tlbl90eXBlIjoiQUNDRVNTIiwiaWF0IjoxNzcyOTQ5NzE1LCJleHAiOjE3NzI5NTA2MTV9.LYjEGXfX7OfQL4MF33rrjlS8bSzsKdt36rz7UzBzCoDdUdydvt6x8PmiseR5qR-k-npWi1kIvBmNvVOApb0Iwu5GfqytkBTgC44KABUkARQjUGo1f9OFLqTFQwkvHRC2YxxoTGfaHIBrqB9WXVa1erp4LK1YzBczPuPd7CC6HC4RTatbUQIZHStpmIcAUtMCzrx3I1_KUnzdP8JxwOxbwrphYUCu2zsAvQcQvnVBuS10dTNlypnZPJNWlG8t9qGFpmvHFdoQ-2ePXpoDPbOtwISEn3o4L4qOa8nVeF3n3QevhGb0GYXZLeO8phL9LTJqiG3J51fRuOHbQjHG0OF5cw
user-agent: httpyac
HTTP/1.1 200  - OK
cache-control: no-cache, no-store, max-age=0, must-revalidate
content-type: application/json
date: Sun, 08 Mar 2026 06:01:56 GMT
expires: 0
pragma: no-cache
referrer-policy: no-referrer
transfer-encoding: chunked
vary: Origin, Access-Control-Request-Method, Access-Control-Request-Headers
x-content-type-options: nosniff
x-frame-options: DENY
x-ratelimit-burst-capacity: 200
x-ratelimit-remaining: 198
x-ratelimit-replenish-rate: 100
x-ratelimit-requested-tokens: 1
x-request-id: 8972018a-8c6e-4b03-b5c6-38045245484e
x-xss-protection: 0

{
  "data": {
    "id": "300d5753-8f63-4e0b-9843-6a1107be9744",
    "groupId": 90,
    "jiraHostUrl": "https://example.atlassian.net",
    "jiraApiToken": "ATA***AAAA",
    "githubRepoUrl": "https://github.com/example-org/example-repo",
    "githubToken": "ghp_***AAAA",
    "state": "INVALID",
    "lastVerifiedAt": null,
    "invalidReason": "Jira: Authentication failed; GitHub: Authentication failed or repository not found",
    "createdAt": "2026-03-08T02:36:42Z",
    "updatedAt": "2026-03-08T06:00:08Z"
  },
  "timestamp": "2026-03-08T06:01:56.636946414Z"
}
[x] resolve fixture project config

---------------------

=== Create deletable project config fixture ===

POST http://localhost:9080/api/project-configs
accept-encoding: gzip, deflate, br
accept: */*
authorization: Bearer eyJ0eXAiOiJKV1QiLCJraWQiOiJpZGVudGl0eS1sb2NhbC0xIiwiYWxnIjoiUlMyNTYifQ.eyJqdGkiOiI0ZjQ0MWMwMy0wZDM0LTQzOGEtYjhkNC0yYzk4ZmRmYzMyMmYiLCJpc3MiOiJpZGVudGl0eS1zZXJ2aWNlIiwiYXVkIjpbImFwaS1nYXRld2F5Il0sInN1YiI6IjQiLCJlbWFpbCI6ImFkbWluQHNhbXQubG9jYWwiLCJyb2xlcyI6WyJBRE1JTiJdLCJ0b2tlbl90eXBlIjoiQUNDRVNTIiwiaWF0IjoxNzcyOTQ5NzE1LCJleHAiOjE3NzI5NTA2MTV9.LYjEGXfX7OfQL4MF33rrjlS8bSzsKdt36rz7UzBzCoDdUdydvt6x8PmiseR5qR-k-npWi1kIvBmNvVOApb0Iwu5GfqytkBTgC44KABUkARQjUGo1f9OFLqTFQwkvHRC2YxxoTGfaHIBrqB9WXVa1erp4LK1YzBczPuPd7CC6HC4RTatbUQIZHStpmIcAUtMCzrx3I1_KUnzdP8JxwOxbwrphYUCu2zsAvQcQvnVBuS10dTNlypnZPJNWlG8t9qGFpmvHFdoQ-2ePXpoDPbOtwISEn3o4L4qOa8nVeF3n3QevhGb0GYXZLeO8phL9LTJqiG3J51fRuOHbQjHG0OF5cw
content-length: 324
content-type: application/json
user-agent: httpyac

{
  "groupId": 92,
  "jiraHostUrl": "https://example.atlassian.net",
  "jiraApiToken": "ATATTAAAAAAAAAAAAAAAAAAAAAAAAAAAAAAAAAAAAAAAAAAAAAAAAAAAAAAAAAAAAAAAAAAAAAAAAAAAAAAAAAAAAAAAAAAAAAAA",
  "githubRepoUrl": "https://github.com/example-org/example-repo",
  "githubToken": "ghp_AAAAAAAAAAAAAAAAAAAAAAAAAAAAAAAAAAAA"
}
HTTP/1.1 201  - Created
cache-control: no-cache, no-store, max-age=0, must-revalidate
content-type: application/json
date: Sun, 08 Mar 2026 06:01:56 GMT
expires: 0
pragma: no-cache
referrer-policy: no-referrer
transfer-encoding: chunked
vary: Origin, Access-Control-Request-Method, Access-Control-Request-Headers
x-content-type-options: nosniff
x-frame-options: DENY
x-ratelimit-burst-capacity: 200
x-ratelimit-remaining: 197
x-ratelimit-replenish-rate: 100
x-ratelimit-requested-tokens: 1
x-request-id: 1cfc5418-8b16-45a9-b422-37b59c7d1ce4
x-xss-protection: 0

{
  "data": {
    "id": "0765d9ef-995a-4944-a266-35d5ad716eb4",
    "groupId": 92,
    "jiraHostUrl": "https://example.atlassian.net",
    "jiraApiToken": "ATA***AAAA",
    "githubRepoUrl": "https://github.com/example-org/example-repo",
    "githubToken": "ghp_***AAAA",
    "state": "DRAFT",
    "lastVerifiedAt": null,
    "invalidReason": null,
    "createdAt": "2026-03-08T06:01:56Z",
    "updatedAt": "2026-03-08T06:01:56Z"
  },
  "timestamp": "2026-03-08T06:01:56.668645144Z"
}
[x] create deletable project config fixture

---------------------

=== Resolve deletable project config fixture ===

GET http://localhost:9080/api/project-configs/group/92
accept-encoding: gzip, deflate, br
accept: */*
authorization: Bearer eyJ0eXAiOiJKV1QiLCJraWQiOiJpZGVudGl0eS1sb2NhbC0xIiwiYWxnIjoiUlMyNTYifQ.eyJqdGkiOiI0ZjQ0MWMwMy0wZDM0LTQzOGEtYjhkNC0yYzk4ZmRmYzMyMmYiLCJpc3MiOiJpZGVudGl0eS1zZXJ2aWNlIiwiYXVkIjpbImFwaS1nYXRld2F5Il0sInN1YiI6IjQiLCJlbWFpbCI6ImFkbWluQHNhbXQubG9jYWwiLCJyb2xlcyI6WyJBRE1JTiJdLCJ0b2tlbl90eXBlIjoiQUNDRVNTIiwiaWF0IjoxNzcyOTQ5NzE1LCJleHAiOjE3NzI5NTA2MTV9.LYjEGXfX7OfQL4MF33rrjlS8bSzsKdt36rz7UzBzCoDdUdydvt6x8PmiseR5qR-k-npWi1kIvBmNvVOApb0Iwu5GfqytkBTgC44KABUkARQjUGo1f9OFLqTFQwkvHRC2YxxoTGfaHIBrqB9WXVa1erp4LK1YzBczPuPd7CC6HC4RTatbUQIZHStpmIcAUtMCzrx3I1_KUnzdP8JxwOxbwrphYUCu2zsAvQcQvnVBuS10dTNlypnZPJNWlG8t9qGFpmvHFdoQ-2ePXpoDPbOtwISEn3o4L4qOa8nVeF3n3QevhGb0GYXZLeO8phL9LTJqiG3J51fRuOHbQjHG0OF5cw
user-agent: httpyac
HTTP/1.1 200  - OK
cache-control: no-cache, no-store, max-age=0, must-revalidate
content-type: application/json
date: Sun, 08 Mar 2026 06:01:56 GMT
expires: 0
pragma: no-cache
referrer-policy: no-referrer
transfer-encoding: chunked
vary: Origin, Access-Control-Request-Method, Access-Control-Request-Headers
x-content-type-options: nosniff
x-frame-options: DENY
x-ratelimit-burst-capacity: 200
x-ratelimit-remaining: 196
x-ratelimit-replenish-rate: 100
x-ratelimit-requested-tokens: 1
x-request-id: f11b4cda-71c8-47d2-a3ec-e9ce4ecbc4f4
x-xss-protection: 0

{
  "data": {
    "id": "0765d9ef-995a-4944-a266-35d5ad716eb4",
    "groupId": 92,
    "jiraHostUrl": "https://example.atlassian.net",
    "jiraApiToken": "ATA***AAAA",
    "githubRepoUrl": "https://github.com/example-org/example-repo",
    "githubToken": "ghp_***AAAA",
    "state": "DRAFT",
    "lastVerifiedAt": null,
    "invalidReason": null,
    "createdAt": "2026-03-08T06:01:56Z",
    "updatedAt": "2026-03-08T06:01:56Z"
  },
  "timestamp": "2026-03-08T06:01:56.688673420Z"
}
[x] resolve deletable project config fixture

---------------------

=== Final fixture sanity check ===

GET http://localhost:9080/actuator/health
accept-encoding: gzip, deflate, br
accept: */*
user-agent: httpyac
HTTP/1.1 200  - OK
cache-control: no-cache, no-store, max-age=0, must-revalidate
content-length: 15
content-type: application/vnd.spring-boot.actuator.v3+json
expires: 0
pragma: no-cache
referrer-policy: no-referrer
x-content-type-options: nosniff
x-frame-options: DENY
x-xss-protection: 0

{
  "status": "UP"
}
[x] fixture vars present

28 requests processed (28 succeeded)
Schemathesis v4.11.2
━━━━━━━━━━━━━━━━━━━━


 ✅  Loaded specification from /work/openapi.yaml (in 0.81s)                    

     Base URL:         http://host.docker.internal:9080                         
     Specification:    Open API 3.0.3                                           
     Operations:       41 selected / 45 total                                   


 ✅  API capabilities:                                                          

     Supports NULL byte in headers:    ✘                                        

 ⏭   Examples (in 0.20s)                                                        
                                                                                
     ⏭  41 skipped                                                              

 ❌  Coverage (in 55.99s)                                                       
                                                                                
     ✅ 39 passed  ❌  2 failed                                                 

 ❌  Fuzzing (in 1.86s)                                                         
                                                                                
     ✅ 39 passed  ❌  2 failed                                                 

 ✅  Stateful (in 0.43s)                                                        

     Scenarios:    2                                                            
     API Links:    0 covered / 49 selected / 49 total (49 inferred)             

     ✅ 2 passed                                                                

=================================== FAILURES ===================================
_____________________ GET /api/admin/audit/security-events _____________________
1. Test Case ID: PG4dzh

- Response violates schema

    "2026-03-07T17:10:23.57352" is not a "date-time"

    Schema at /components/schemas/identity_AuditLog/properties/timestamp:

        {
            "format": "date-time",
            "type": "string"
        }

    Value:

        "2026-03-07T17:10:23.57352"

[200] OK:

    `{"content":[{"id":723,"entityType":"USER","entityId":4,"action":"REFRESH_REUSE","actorId":4,"actorEmail":"admin@samt.local","timestamp":"2026-03-07T17:10:23.57352","ipAddress":null,"userAgent":null,"oldValue":null,"newValue":{"value":"Refresh token reuse detected - all tokens revoked"},"outcome":"DENIED"},{"id":546,"entityType":"USER","entityId":0,"action":"LOGIN_FAILED","actorId":null,"actorEmail":"student1@samt.local","timestamp":"2026-03-07T15:09:54.506475","ipAddress":null,"userAgent":null,"oldValue":nu // Output truncated...`

Reproduce with:

    curl -X GET -H 'Authorization: [Filtered]' http://host.docker.internal:9080/api/admin/audit/security-events

___________________________ GET /api/semesters/{id} ____________________________
1. Test Case ID: VzEFPG

- JSON deserialization error

    Response must be valid JSON with 'Content-Type: application/json' header:

      Expecting value: line 1 column 1 (char 0)

- Missing Content-Type header

    The following media types are documented in the schema:
    - `application/json`

[400] Bad Request:

    <EMPTY>

Reproduce with:

    curl -X GET -H 'Authorization: [Filtered]' http://host.docker.internal:9080/api/semesters/%F3%94%B7%81%5C%C2%86%C2%9C

_____________________ GET /api/admin/audit/actor/{actorId} _____________________
1. Test Case ID: GyZm6z

- Response violates schema

    "2026-03-07T14:47:21.731495" is not a "date-time"

    Schema at /components/schemas/identity_AuditLog/properties/timestamp:

        {
            "format": "date-time",
            "type": "string"
        }

    Value:

        "2026-03-07T14:47:21.731495"

[200] OK:

    `{"content":[{"id":507,"entityType":"USER","entityId":1,"action":"LOGIN_SUCCESS","actorId":1,"actorEmail":"student1@samt.local","timestamp":"2026-03-07T14:47:21.731495","ipAddress":null,"userAgent":null,"oldValue":null,"newValue":null,"outcome":"SUCCESS"},{"id":505,"entityType":"USER","entityId":1,"action":"LOGIN_SUCCESS","actorId":1,"actorEmail":"student1@samt.local","timestamp":"2026-03-07T14:47:08.768848","ipAddress":null,"userAgent":null,"oldValue":null,"newValue":null,"outcome":"SUCCESS"},{"id":503,"ent // Output truncated...`

Reproduce with:

    curl -X GET -H 'Authorization: [Filtered]' 'http://host.docker.internal:9080/api/admin/audit/actor/1?arg1='

=================================== WARNINGS ===================================

Missing test data: 16 operations repeatedly returned 404 Not Found, preventing tests from reaching your API's core logic

  - DELETE /api/groups/{groupId}
  - DELETE /api/groups/{groupId}/members/{userId}
  - DELETE /api/project-configs/{id}
  - GET /api/groups/{groupId}
  - GET /api/groups/{groupId}/members
  - GET /api/project-configs/group/{groupId}
  - GET /api/project-configs/{id}
  - POST /api/admin/users/{userId}/lock
  - POST /api/groups
  - POST /api/groups/{groupId}/members
  - POST /api/project-configs
  - POST /api/project-configs/admin/{id}/restore
  - PUT /api/admin/users/{userId}/external-accounts
  - PUT /api/groups/{groupId}/members/{userId}/demote
  - PUT /api/groups/{groupId}/members/{userId}/promote
  - PUT /api/project-configs/{id}

💡 Provide realistic parameter values in your config file so tests can access existing resources

Schema validation mismatch: 7 operations mostly rejected generated data due to validation errors, indicating schema constraints don't match API validation

  - PATCH /api/groups/{groupId}/lecturer
  - POST /api/admin/users
  - POST /api/admin/users/{userId}/unlock
  - POST /api/auth/logout
  - POST /api/semesters
  - PUT /api/groups/{groupId}
  - PUT /api/users/{userId}

💡 Check your schema constraints - API validation may be stricter than documented

=================================== SUMMARY ====================================

API Operations:
  Selected: 41/45
  Tested: 41

Test Phases:
  ⏭  Examples
  ❌ Coverage
  ❌ Fuzzing
  ✅ Stateful

Failures:
  ❌ Response violates schema: 2
  ❌ JSON deserialization error: 1
  ❌ Missing Content-Type header: 1

Warnings:
  ⚠️ Missing valid test data: 16 operations repeatedly returned 404 responses
  ⚠️ Schema validation mismatch: 7 operations mostly rejected generated data

Test cases:
  1065 generated, 3 found 4 unique failures, 258 skipped

Seed: 184556881897150548451866998248786333137

======================= 4 failures, 2 warnings in 58.59s =======================
/opt/venv/lib/python3.14t/site-packages/schemathesis/specs/openapi/patterns.py:174: FutureWarning: Possible nested set at position 2
  re.compile(pattern)
/opt/venv/lib/python3.14t/site-packages/schemathesis/specs/openapi/converter.py:153: FutureWarning: Possible nested set at position 2
  value[name] = _to_json_schema(
/opt/venv/lib/python3.14t/site-packages/hypothesis/strategies/_internal/lazy.py:146: FutureWarning: Possible nested set at position 2
  w = self.wrapped_strategy
/opt/venv/lib/python3.14t/site-packages/schemathesis/generation/coverage.py:657: FutureWarning: Possible nested set at position 2
  yield from _positive_string(ctx, schema)
/opt/venv/lib/python3.14t/site-packages/schemathesis/generation/coverage.py:748: FutureWarning: Possible nested set at position 2
  yield from _negative_properties(ctx, template, value)
